Log file open, 11/08/20 14:30:26
LogInit: Display: Running engine for game: CreateLogo
LogPlatformFile: Not using cached read wrapper
LogTaskGraph: Started task graph with 5 named threads and 11 total threads with 3 sets of task threads.
LogStats: Stats thread started at 8.828260
LogD3D11RHI: Loaded GFSDK_Aftermath_Lib.x64.dll
LogICUInternationalization: ICU TimeZone Detection - Raw Offset: +7:00, Platform Override: ''
LogPluginManager: Mounting plugin Paper2D
LogPluginManager: Mounting plugin AISupport
LogPluginManager: Mounting plugin LightPropagationVolume
LogPluginManager: Mounting plugin CameraShakePreviewer
LogPluginManager: Mounting plugin ActorLayerUtilities
LogPluginManager: Mounting plugin AnimationSharing
LogPluginManager: Mounting plugin CLionSourceCodeAccess
LogPluginManager: Mounting plugin CodeLiteSourceCodeAccess
LogPluginManager: Mounting plugin GitSourceControl
LogPluginManager: Mounting plugin KDevelopSourceCodeAccess
LogPluginManager: Mounting plugin NullSourceCodeAccess
LogPluginManager: Mounting plugin PerforceSourceControl
LogPluginManager: Mounting plugin PlasticSourceControl
LogPluginManager: Mounting plugin RiderSourceCodeAccess
LogPluginManager: Mounting plugin SubversionSourceControl
LogPluginManager: Mounting plugin UObjectPlugin
LogPluginManager: Mounting plugin VisualStudioCodeSourceCodeAccess
LogPluginManager: Mounting plugin VisualStudioSourceCodeAccess
LogPluginManager: Mounting plugin XCodeSourceCodeAccess
LogPluginManager: Mounting plugin AssetManagerEditor
LogPluginManager: Mounting plugin CryptoKeys
LogPluginManager: Mounting plugin CurveEditorTools
LogPluginManager: Mounting plugin DataValidation
LogPluginManager: Mounting plugin EditorScriptingUtilities
LogPluginManager: Mounting plugin FacialAnimation
LogPluginManager: Mounting plugin GameplayTagsEditor
LogPluginManager: Mounting plugin GeometryMode
LogPluginManager: Mounting plugin MacGraphicsSwitching
LogPluginManager: Mounting plugin MaterialAnalyzer
LogPluginManager: Mounting plugin MobileLauncherProfileWizard
LogPluginManager: Mounting plugin PluginBrowser
LogPluginManager: Mounting plugin SpeedTreeImporter
LogPluginManager: Mounting plugin DatasmithContent
LogPluginManager: Mounting plugin VariantManagerContent
LogPluginManager: Mounting plugin AlembicImporter
LogPluginManager: Mounting plugin AutomationUtils
LogPluginManager: Mounting plugin BackChannel
LogPluginManager: Mounting plugin ChaosCloth
LogPluginManager: Mounting plugin ChaosClothEditor
LogPluginManager: Mounting plugin ChaosEditor
LogPluginManager: Mounting plugin ChaosNiagara
LogPluginManager: Mounting plugin ChaosSolverPlugin
LogPluginManager: Mounting plugin CharacterAI
LogPluginManager: Mounting plugin GeometryCache
LogPluginManager: Mounting plugin GeometryCollectionPlugin
LogPluginManager: Mounting plugin GeometryProcessing
LogPluginManager: Mounting plugin PlanarCut
LogPluginManager: Mounting plugin PlatformCrypto
LogPluginManager: Mounting plugin ProxyLODPlugin
LogPluginManager: Mounting plugin SkeletalReduction
LogPluginManager: Mounting plugin Niagara
LogPluginManager: Mounting plugin MagicLeap
LogPluginManager: Mounting plugin MagicLeapLightEstimation
LogPluginManager: Mounting plugin MagicLeapMedia
LogPluginManager: Mounting plugin MagicLeapPassableWorld
LogPluginManager: Mounting plugin MLSDK
LogPluginManager: Mounting plugin ParticleText
LogPluginManager: Mounting plugin AndroidMedia
LogPluginManager: Mounting plugin AvfMedia
LogPluginManager: Mounting plugin ImgMedia
LogPluginManager: Mounting plugin MediaCompositing
LogPluginManager: Mounting plugin MediaPlayerEditor
LogPluginManager: Mounting plugin WebMMedia
LogPluginManager: Mounting plugin WmfMedia
LogPluginManager: Mounting plugin MeshPainting
LogPluginManager: Mounting plugin TcpMessaging
LogPluginManager: Mounting plugin UdpMessaging
LogPluginManager: Mounting plugin ActorSequence
LogPluginManager: Mounting plugin LevelSequenceEditor
LogPluginManager: Mounting plugin MatineeToLevelSequence
LogPluginManager: Mounting plugin MovieRenderPipeline
LogPluginManager: Mounting plugin TemplateSequence
LogPluginManager: Mounting plugin NetcodeUnitTest
LogPluginManager: Mounting plugin NUTUnrealEngine4
LogPluginManager: Mounting plugin OnlineSubsystemGooglePlay
LogPluginManager: Mounting plugin OnlineSubsystemIOS
LogPluginManager: Mounting plugin OnlineSubsystem
LogPluginManager: Mounting plugin OnlineSubsystemNull
LogPluginManager: Mounting plugin OnlineSubsystemUtils
LogPluginManager: Mounting plugin LauncherChunkInstaller
LogPluginManager: Mounting plugin AndroidDeviceProfileSelector
LogPluginManager: Mounting plugin AndroidMoviePlayer
LogPluginManager: Mounting plugin AndroidPermission
LogPluginManager: Mounting plugin AppleImageUtils
LogPluginManager: Mounting plugin AppleMoviePlayer
LogPluginManager: Mounting plugin ArchVisCharacter
LogPluginManager: Mounting plugin AssetTags
LogPluginManager: Mounting plugin AudioCapture
LogPluginManager: Mounting plugin CableComponent
LogPluginManager: Mounting plugin CustomMeshComponent
LogPluginManager: Mounting plugin EditableMesh
LogPluginManager: Mounting plugin ExampleDeviceProfileSelector
LogPluginManager: Mounting plugin GoogleCloudMessaging
LogPluginManager: Mounting plugin GooglePAD
LogPluginManager: Mounting plugin IOSDeviceProfileSelector
LogPluginManager: Mounting plugin LinuxDeviceProfileSelector
LogPluginManager: Mounting plugin LocationServicesBPLibrary
LogPluginManager: Mounting plugin MobilePatchingUtils
LogPluginManager: Mounting plugin OculusVR
LogPluginManager: Mounting plugin PhysXVehicles
LogPluginManager: Mounting plugin PostSplashScreen
LogPluginManager: Mounting plugin ProceduralMeshComponent
LogPluginManager: Mounting plugin RuntimePhysXCooking
LogPluginManager: Mounting plugin SignificanceManager
LogPluginManager: Mounting plugin SoundFields
LogPluginManager: Mounting plugin SteamVR
LogPluginManager: Mounting plugin Synthesis
LogPluginManager: Mounting plugin WebMMoviePlayer
LogPluginManager: Mounting plugin WindowsMoviePlayer
LogPluginManager: Mounting plugin ScreenshotTools
LogInit: Using libcurl 7.55.1-DEV
LogInit:  - built for x86_64-pc-win32
LogInit:  - supports SSL with OpenSSL/1.1.1
LogInit:  - supports HTTP deflate (compression) using libz 1.2.8
LogInit:  - other features:
LogInit:      CURL_VERSION_SSL
LogInit:      CURL_VERSION_LIBZ
LogInit:      CURL_VERSION_IPV6
LogInit:      CURL_VERSION_ASYNCHDNS
LogInit:      CURL_VERSION_LARGEFILE
LogInit:      CURL_VERSION_IDN
LogInit:  CurlRequestOptions (configurable via config and command line):
LogInit:  - bVerifyPeer = true  - Libcurl will verify peer certificate
LogInit:  - bUseHttpProxy = false  - Libcurl will NOT use HTTP proxy
LogInit:  - bDontReuseConnections = false  - Libcurl will reuse connections
LogInit:  - MaxHostConnections = 16  - Libcurl will limit the number of connections to a host
LogInit:  - LocalHostAddr = Default
LogInit:  - BufferSize = 65536
LogOnline: OSS: Creating online subsystem instance for: NULL
LogInit: WinSock: version 1.1 (2.2), MaxSocks=32767, MaxUdp=65467
LogOnline: OSS: TryLoadSubsystemAndSetDefault: Loaded subsystem for module [NULL]
LogInit: Build: ++UE4+Release-4.25-CL-13942748
LogInit: Engine Version: 4.25.3-13942748+++UE4+Release-4.25
LogInit: Compatible Engine Version: 4.25.0-13144385+++UE4+Release-4.25
LogInit: Net CL: 13144385
LogInit: OS: Windows 10 (Release 1909) (), CPU:         Intel(R) Core(TM) i3-2120 CPU @ 3.30GHz, GPU: NVIDIA GeForce GT 730
LogInit: Compiled (64-bit): Jul 25 2020 02:07:48
LogInit: Compiled with Visual C++: 19.24.28315.00
LogInit: Build Configuration: Development
LogInit: Branch Name: ++UE4+Release-4.25
LogInit: Command Line: 
LogInit: Base Directory: D:/Epic Games/Unreal Engine 4/UE_4.25/Engine/Binaries/Win64/
LogInit: Allocator: TBB
LogInit: Installed Engine Build: 1
LogDevObjectVersion: Number of dev versions registered: 26
LogDevObjectVersion:   Dev-Blueprints (B0D832E4-1F89-4F0D-ACCF-7EB736FD4AA2): 10
LogDevObjectVersion:   Dev-Build (E1C64328-A22C-4D53-A36C-8E866417BD8C): 0
LogDevObjectVersion:   Dev-Core (375EC13C-06E4-48FB-B500-84F0262A717E): 4
LogDevObjectVersion:   Dev-Editor (E4B068ED-F494-42E9-A231-DA0B2E46BB41): 38
LogDevObjectVersion:   Dev-Framework (CFFC743F-43B0-4480-9391-14DF171D2073): 37
LogDevObjectVersion:   Dev-Mobile (B02B49B5-BB20-44E9-A304-32B752E40360): 2
LogDevObjectVersion:   Dev-Networking (A4E4105C-59A1-49B5-A7C5-40C4547EDFEE): 0
LogDevObjectVersion:   Dev-Online (39C831C9-5AE6-47DC-9A44-9C173E1C8E7C): 0
LogDevObjectVersion:   Dev-Physics (78F01B33-EBEA-4F98-B9B4-84EACCB95AA2): 4
LogDevObjectVersion:   Dev-Platform (6631380F-2D4D-43E0-8009-CF276956A95A): 0
LogDevObjectVersion:   Dev-Rendering (12F88B9F-8875-4AFC-A67C-D90C383ABD29): 43
LogDevObjectVersion:   Dev-Sequencer (7B5AE74C-D270-4C10-A958-57980B212A5A): 12
LogDevObjectVersion:   Dev-VR (D7296918-1DD6-4BDD-9DE2-64A83CC13884): 3
LogDevObjectVersion:   Dev-LoadTimes (C2A15278-BFE7-4AFE-6C17-90FF531DF755): 1
LogDevObjectVersion:   Private-Geometry (6EACA3D4-40EC-4CC1-B786-8BED09428FC5): 3
LogDevObjectVersion:   Dev-AnimPhys (29E575DD-E0A3-4627-9D10-D276232CDCEA): 17
LogDevObjectVersion:   Dev-Anim (AF43A65D-7FD3-4947-9873-3E8ED9C1BB05): 7
LogDevObjectVersion:   Dev-ReflectionCapture (6B266CEC-1EC7-4B8F-A30B-E4D90942FC07): 1
LogDevObjectVersion:   Dev-Automation (0DF73D61-A23F-47EA-B727-89E90C41499A): 1
LogDevObjectVersion:   FortniteMain (601D1886-AC64-4F84-AA16-D3DE0DEAC7D6): 31
LogDevObjectVersion:   Dev-Enterprise (9DFFBCD6-494F-0158-E221-12823C92A888): 10
LogDevObjectVersion:   Dev-Niagara (F2AED0AC-9AFE-416F-8664-AA7FFA26D6FC): 1
LogDevObjectVersion:   Dev-Destruction (174F1F0B-B4C6-45A5-B13F-2EE8D0FB917D): 10
LogDevObjectVersion:   Dev-Physics-Ext (35F94A83-E258-406C-A318-09F59610247C): 37
LogDevObjectVersion:   Dev-PhysicsMaterial-Chaos (B68FC16E-8B1B-42E2-B453-215C058844FE): 1
LogDevObjectVersion:   Dev-CineCamera (B2E18506-4273-CFC2-A54E-F4BB758BBA07): 1
LogInit: Presizing for max 25165824 objects, including 0 objects not considered by GC, pre-allocating 0 bytes for permanent pool.
LogConfig: Applying CVar settings from Section [/Script/Engine.StreamingSettings] File [D:/Epic Games/Unreal Engine 4/Unreal Project/CreateLogo/Saved/Config/Windows/Engine.ini]
LogConfig: Setting CVar [[s.MinBulkDataSizeForAsyncLoading:131072]]
LogConfig: Setting CVar [[s.AsyncLoadingThreadEnabled:0]]
LogConfig: Setting CVar [[s.EventDrivenLoaderEnabled:1]]
LogConfig: Setting CVar [[s.WarnIfTimeLimitExceeded:0]]
LogConfig: Setting CVar [[s.TimeLimitExceededMultiplier:1.5]]
LogConfig: Setting CVar [[s.TimeLimitExceededMinTime:0.005]]
LogConfig: Setting CVar [[s.UseBackgroundLevelStreaming:1]]
LogConfig: Setting CVar [[s.PriorityAsyncLoadingExtraTime:15.0]]
LogConfig: Setting CVar [[s.LevelStreamingActorsUpdateTimeLimit:5.0]]
LogConfig: Setting CVar [[s.PriorityLevelStreamingActorsUpdateExtraTime:5.0]]
LogConfig: Setting CVar [[s.LevelStreamingComponentsRegistrationGranularity:10]]
LogConfig: Setting CVar [[s.UnregisterComponentsTimeLimit:1.0]]
LogConfig: Setting CVar [[s.LevelStreamingComponentsUnregistrationGranularity:5]]
LogConfig: Setting CVar [[s.FlushStreamingOnExit:1]]
LogInit: Object subsystem initialized
LogConfig: Setting CVar [[con.DebugEarlyDefault:1]]
LogConfig: Setting CVar [[r.setres:1280x720]]
[2020.11.08-07.30.30:308][  0]LogConfig: Setting CVar [[r.VSync:0]]
[2020.11.08-07.30.30:308][  0]LogConfig: Setting CVar [[r.RHICmdBypass:0]]
[2020.11.08-07.30.30:308][  0]LogConfig: Applying CVar settings from Section [/Script/Engine.RendererSettings] File [D:/Epic Games/Unreal Engine 4/Unreal Project/CreateLogo/Saved/Config/Windows/Engine.ini]
[2020.11.08-07.30.30:308][  0]LogConfig: Setting CVar [[r.GPUCrashDebugging:0]]
[2020.11.08-07.30.30:308][  0]LogConfig: Applying CVar settings from Section [/Script/Engine.RendererOverrideSettings] File [D:/Epic Games/Unreal Engine 4/Unreal Project/CreateLogo/Saved/Config/Windows/Engine.ini]
[2020.11.08-07.30.30:309][  0]LogConfig: Applying CVar settings from Section [/Script/Engine.StreamingSettings] File [D:/Epic Games/Unreal Engine 4/Unreal Project/CreateLogo/Saved/Config/Windows/Engine.ini]
[2020.11.08-07.30.30:309][  0]LogConfig: Setting CVar [[s.MinBulkDataSizeForAsyncLoading:131072]]
[2020.11.08-07.30.30:309][  0]LogConfig: Setting CVar [[s.AsyncLoadingThreadEnabled:0]]
[2020.11.08-07.30.30:309][  0]LogConfig: Setting CVar [[s.EventDrivenLoaderEnabled:1]]
[2020.11.08-07.30.30:309][  0]LogConfig: Setting CVar [[s.WarnIfTimeLimitExceeded:0]]
[2020.11.08-07.30.30:309][  0]LogConfig: Setting CVar [[s.TimeLimitExceededMultiplier:1.5]]
[2020.11.08-07.30.30:309][  0]LogConfig: Setting CVar [[s.TimeLimitExceededMinTime:0.005]]
[2020.11.08-07.30.30:309][  0]LogConfig: Setting CVar [[s.UseBackgroundLevelStreaming:1]]
[2020.11.08-07.30.30:309][  0]LogConfig: Setting CVar [[s.PriorityAsyncLoadingExtraTime:15.0]]
[2020.11.08-07.30.30:309][  0]LogConfig: Setting CVar [[s.LevelStreamingActorsUpdateTimeLimit:5.0]]
[2020.11.08-07.30.30:309][  0]LogConfig: Setting CVar [[s.PriorityLevelStreamingActorsUpdateExtraTime:5.0]]
[2020.11.08-07.30.30:309][  0]LogConfig: Setting CVar [[s.LevelStreamingComponentsRegistrationGranularity:10]]
[2020.11.08-07.30.30:309][  0]LogConfig: Setting CVar [[s.UnregisterComponentsTimeLimit:1.0]]
[2020.11.08-07.30.30:309][  0]LogConfig: Setting CVar [[s.LevelStreamingComponentsUnregistrationGranularity:5]]
[2020.11.08-07.30.30:309][  0]LogConfig: Setting CVar [[s.FlushStreamingOnExit:1]]
[2020.11.08-07.30.30:309][  0]LogConfig: Applying CVar settings from Section [/Script/Engine.GarbageCollectionSettings] File [D:/Epic Games/Unreal Engine 4/Unreal Project/CreateLogo/Saved/Config/Windows/Engine.ini]
[2020.11.08-07.30.30:309][  0]LogConfig: Setting CVar [[gc.MaxObjectsNotConsideredByGC:1]]
[2020.11.08-07.30.30:309][  0]LogConfig: Setting CVar [[gc.SizeOfPermanentObjectPool:0]]
[2020.11.08-07.30.30:309][  0]LogConfig: Setting CVar [[gc.FlushStreamingOnGC:0]]
[2020.11.08-07.30.30:309][  0]LogConfig: Setting CVar [[gc.NumRetriesBeforeForcingGC:10]]
[2020.11.08-07.30.30:309][  0]LogConfig: Setting CVar [[gc.AllowParallelGC:1]]
[2020.11.08-07.30.30:309][  0]LogConfig: Setting CVar [[gc.TimeBetweenPurgingPendingKillObjects:61.1]]
[2020.11.08-07.30.30:309][  0]LogConfig: Setting CVar [[gc.MaxObjectsInEditor:25165824]]
[2020.11.08-07.30.30:309][  0]LogConfig: Setting CVar [[gc.IncrementalBeginDestroyEnabled:1]]
[2020.11.08-07.30.30:309][  0]LogConfig: Setting CVar [[gc.CreateGCClusters:1]]
[2020.11.08-07.30.30:309][  0]LogConfig: Setting CVar [[gc.MinGCClusterSize:5]]
[2020.11.08-07.30.30:309][  0]LogConfig: Setting CVar [[gc.ActorClusteringEnabled:0]]
[2020.11.08-07.30.30:309][  0]LogConfig: Setting CVar [[gc.BlueprintClusteringEnabled:0]]
[2020.11.08-07.30.30:309][  0]LogConfig: Setting CVar [[gc.UseDisregardForGCOnDedicatedServers:0]]
[2020.11.08-07.30.30:309][  0]LogConfig: Applying CVar settings from Section [/Script/Engine.NetworkSettings] File [D:/Epic Games/Unreal Engine 4/Unreal Project/CreateLogo/Saved/Config/Windows/Engine.ini]
[2020.11.08-07.30.30:309][  0]LogConfig: Applying CVar settings from Section [/Script/UnrealEd.CookerSettings] File [D:/Epic Games/Unreal Engine 4/Unreal Project/CreateLogo/Saved/Config/Windows/Engine.ini]
[2020.11.08-07.30.30:353][  0]LogConfig: Applying CVar settings from Section [ViewDistanceQuality@3] File [D:/Epic Games/Unreal Engine 4/Unreal Project/CreateLogo/Saved/Config/Windows/Scalability.ini]
[2020.11.08-07.30.30:353][  0]LogConfig: Setting CVar [[r.SkeletalMeshLODBias:0]]
[2020.11.08-07.30.30:353][  0]LogConfig: Setting CVar [[r.ViewDistanceScale:1.0]]
[2020.11.08-07.30.30:353][  0]LogConfig: Applying CVar settings from Section [AntiAliasingQuality@3] File [D:/Epic Games/Unreal Engine 4/Unreal Project/CreateLogo/Saved/Config/Windows/Scalability.ini]
[2020.11.08-07.30.30:353][  0]LogConfig: Setting CVar [[r.PostProcessAAQuality:4]]
[2020.11.08-07.30.30:353][  0]LogConfig: Applying CVar settings from Section [ShadowQuality@3] File [D:/Epic Games/Unreal Engine 4/Unreal Project/CreateLogo/Saved/Config/Windows/Scalability.ini]
[2020.11.08-07.30.30:353][  0]LogConfig: Setting CVar [[r.LightFunctionQuality:1]]
[2020.11.08-07.30.30:353][  0]LogConfig: Setting CVar [[r.ShadowQuality:5]]
[2020.11.08-07.30.30:353][  0]LogConfig: Setting CVar [[r.Shadow.CSM.MaxCascades:10]]
[2020.11.08-07.30.30:353][  0]LogConfig: Setting CVar [[r.Shadow.MaxResolution:2048]]
[2020.11.08-07.30.30:353][  0]LogConfig: Setting CVar [[r.Shadow.MaxCSMResolution:2048]]
[2020.11.08-07.30.30:353][  0]LogConfig: Setting CVar [[r.Shadow.RadiusThreshold:0.01]]
[2020.11.08-07.30.30:353][  0]LogConfig: Setting CVar [[r.Shadow.DistanceScale:1.0]]
[2020.11.08-07.30.30:353][  0]LogConfig: Setting CVar [[r.Shadow.CSM.TransitionScale:1.0]]
[2020.11.08-07.30.30:354][  0]LogConfig: Setting CVar [[r.Shadow.PreShadowResolutionFactor:1.0]]
[2020.11.08-07.30.30:354][  0]LogConfig: Setting CVar [[r.DistanceFieldShadowing:1]]
[2020.11.08-07.30.30:354][  0]LogConfig: Setting CVar [[r.DistanceFieldAO:1]]
[2020.11.08-07.30.30:354][  0]LogConfig: Setting CVar [[r.AOQuality:2]]
[2020.11.08-07.30.30:354][  0]LogConfig: Setting CVar [[r.VolumetricFog:1]]
[2020.11.08-07.30.30:354][  0]LogConfig: Setting CVar [[r.VolumetricFog.GridPixelSize:8]]
[2020.11.08-07.30.30:354][  0]LogConfig: Setting CVar [[r.VolumetricFog.GridSizeZ:128]]
[2020.11.08-07.30.30:354][  0]LogConfig: Setting CVar [[r.VolumetricFog.HistoryMissSupersampleCount:4]]
[2020.11.08-07.30.30:354][  0]LogConfig: Setting CVar [[r.LightMaxDrawDistanceScale:1]]
[2020.11.08-07.30.30:354][  0]LogConfig: Setting CVar [[r.CapsuleShadows:1]]
[2020.11.08-07.30.30:354][  0]LogConfig: Applying CVar settings from Section [PostProcessQuality@3] File [D:/Epic Games/Unreal Engine 4/Unreal Project/CreateLogo/Saved/Config/Windows/Scalability.ini]
[2020.11.08-07.30.30:354][  0]LogConfig: Setting CVar [[r.MotionBlurQuality:4]]
[2020.11.08-07.30.30:354][  0]LogConfig: Setting CVar [[r.AmbientOcclusionMipLevelFactor:0.4]]
[2020.11.08-07.30.30:354][  0]LogConfig: Setting CVar [[r.AmbientOcclusionMaxQuality:100]]
[2020.11.08-07.30.30:354][  0]LogConfig: Setting CVar [[r.AmbientOcclusionLevels:-1]]
[2020.11.08-07.30.30:354][  0]LogConfig: Setting CVar [[r.AmbientOcclusionRadiusScale:1.0]]
[2020.11.08-07.30.30:354][  0]LogConfig: Setting CVar [[r.DepthOfFieldQuality:2]]
[2020.11.08-07.30.30:354][  0]LogConfig: Setting CVar [[r.RenderTargetPoolMin:400]]
[2020.11.08-07.30.30:354][  0]LogConfig: Setting CVar [[r.LensFlareQuality:2]]
[2020.11.08-07.30.30:354][  0]LogConfig: Setting CVar [[r.SceneColorFringeQuality:1]]
[2020.11.08-07.30.30:354][  0]LogConfig: Setting CVar [[r.EyeAdaptationQuality:2]]
[2020.11.08-07.30.30:354][  0]LogConfig: Setting CVar [[r.BloomQuality:5]]
[2020.11.08-07.30.30:354][  0]LogConfig: Setting CVar [[r.FastBlurThreshold:100]]
[2020.11.08-07.30.30:354][  0]LogConfig: Setting CVar [[r.Upscale.Quality:3]]
[2020.11.08-07.30.30:354][  0]LogConfig: Setting CVar [[r.Tonemapper.GrainQuantization:1]]
[2020.11.08-07.30.30:354][  0]LogConfig: Setting CVar [[r.LightShaftQuality:1]]
[2020.11.08-07.30.30:354][  0]LogConfig: Setting CVar [[r.Filter.SizeScale:1]]
[2020.11.08-07.30.30:354][  0]LogConfig: Setting CVar [[r.Tonemapper.Quality:5]]
[2020.11.08-07.30.30:354][  0]LogConfig: Setting CVar [[r.DOF.Gather.AccumulatorQuality:1        ; higher gathering accumulator quality]]
[2020.11.08-07.30.30:354][  0]LogConfig: Setting CVar [[r.DOF.Gather.PostfilterMethod:1          ; Median3x3 postfilering method]]
[2020.11.08-07.30.30:354][  0]LogConfig: Setting CVar [[r.DOF.Gather.EnableBokehSettings:0       ; no bokeh simulation when gathering]]
[2020.11.08-07.30.30:354][  0]LogConfig: Setting CVar [[r.DOF.Gather.RingCount:4                 ; medium number of samples when gathering]]
[2020.11.08-07.30.30:354][  0]LogConfig: Setting CVar [[r.DOF.Scatter.ForegroundCompositing:1    ; additive foreground scattering]]
[2020.11.08-07.30.30:354][  0]LogConfig: Setting CVar [[r.DOF.Scatter.BackgroundCompositing:2    ; additive background scattering]]
[2020.11.08-07.30.30:354][  0]LogConfig: Setting CVar [[r.DOF.Scatter.EnableBokehSettings:1      ; bokeh simulation when scattering]]
[2020.11.08-07.30.30:354][  0]LogConfig: Setting CVar [[r.DOF.Scatter.MaxSpriteRatio:0.1         ; only a maximum of 10% of scattered bokeh]]
[2020.11.08-07.30.30:354][  0]LogConfig: Setting CVar [[r.DOF.Recombine.Quality:1                ; cheap slight out of focus]]
[2020.11.08-07.30.30:354][  0]LogConfig: Setting CVar [[r.DOF.Recombine.EnableBokehSettings:0    ; no bokeh simulation on slight out of focus]]
[2020.11.08-07.30.30:354][  0]LogConfig: Setting CVar [[r.DOF.TemporalAAQuality:1                ; more stable temporal accumulation]]
[2020.11.08-07.30.30:354][  0]LogConfig: Setting CVar [[r.DOF.Kernel.MaxForegroundRadius:0.025]]
[2020.11.08-07.30.30:354][  0]LogConfig: Setting CVar [[r.DOF.Kernel.MaxBackgroundRadius:0.025]]
[2020.11.08-07.30.30:354][  0]LogConfig: Applying CVar settings from Section [TextureQuality@3] File [D:/Epic Games/Unreal Engine 4/Unreal Project/CreateLogo/Saved/Config/Windows/Scalability.ini]
[2020.11.08-07.30.30:354][  0]LogConfig: Setting CVar [[r.Streaming.MipBias:0]]
[2020.11.08-07.30.30:354][  0]LogConfig: Setting CVar [[r.Streaming.AmortizeCPUToGPUCopy:0]]
[2020.11.08-07.30.30:354][  0]LogConfig: Setting CVar [[r.Streaming.MaxNumTexturesToStreamPerFrame:0]]
[2020.11.08-07.30.30:354][  0]LogConfig: Setting CVar [[r.Streaming.Boost:1]]
[2020.11.08-07.30.30:354][  0]LogConfig: Setting CVar [[r.MaxAnisotropy:8]]
[2020.11.08-07.30.30:354][  0]LogConfig: Setting CVar [[r.VT.MaxAnisotropy:8]]
[2020.11.08-07.30.30:354][  0]LogConfig: Setting CVar [[r.Streaming.LimitPoolSizeToVRAM:0]]
[2020.11.08-07.30.30:354][  0]LogConfig: Setting CVar [[r.Streaming.PoolSize:1000]]
[2020.11.08-07.30.30:354][  0]LogConfig: Setting CVar [[r.Streaming.MaxEffectiveScreenSize:0]]
[2020.11.08-07.30.30:354][  0]LogConfig: Applying CVar settings from Section [EffectsQuality@3] File [D:/Epic Games/Unreal Engine 4/Unreal Project/CreateLogo/Saved/Config/Windows/Scalability.ini]
[2020.11.08-07.30.30:354][  0]LogConfig: Setting CVar [[r.TranslucencyLightingVolumeDim:64]]
[2020.11.08-07.30.30:354][  0]LogConfig: Setting CVar [[r.RefractionQuality:2]]
[2020.11.08-07.30.30:354][  0]LogConfig: Setting CVar [[r.SSR.Quality:3]]
[2020.11.08-07.30.30:354][  0]LogConfig: Setting CVar [[r.SSR.HalfResSceneColor:0]]
[2020.11.08-07.30.30:354][  0]LogConfig: Setting CVar [[r.SceneColorFormat:4]]
[2020.11.08-07.30.30:355][  0]LogConfig: Setting CVar [[r.DetailMode:2]]
[2020.11.08-07.30.30:355][  0]LogConfig: Setting CVar [[r.TranslucencyVolumeBlur:1]]
[2020.11.08-07.30.30:355][  0]LogConfig: Setting CVar [[r.MaterialQualityLevel:1 ; High quality]]
[2020.11.08-07.30.30:355][  0]LogConfig: Setting CVar [[r.SSS.Scale:1]]
[2020.11.08-07.30.30:355][  0]LogConfig: Setting CVar [[r.SSS.SampleSet:2]]
[2020.11.08-07.30.30:355][  0]LogConfig: Setting CVar [[r.SSS.Quality:1]]
[2020.11.08-07.30.30:355][  0]LogConfig: Setting CVar [[r.SSS.HalfRes:0]]
[2020.11.08-07.30.30:355][  0]LogConfig: Setting CVar [[r.SSGI.Quality:3]]
[2020.11.08-07.30.30:355][  0]LogConfig: Setting CVar [[r.EmitterSpawnRateScale:1.0]]
[2020.11.08-07.30.30:355][  0]LogConfig: Setting CVar [[r.ParticleLightQuality:2]]
[2020.11.08-07.30.30:355][  0]LogConfig: Setting CVar [[r.SkyAtmosphere.AerialPerspectiveLUT.FastApplyOnOpaque:1 ; Always have FastSkyLUT 1 in this case to avoid wrong sky]]
[2020.11.08-07.30.30:355][  0]LogConfig: Setting CVar [[r.SkyAtmosphere.AerialPerspectiveLUT.SampleCountPerSlice:1]]
[2020.11.08-07.30.30:355][  0]LogConfig: Setting CVar [[r.SkyAtmosphere.AerialPerspectiveLUT.DepthResolution:16.0]]
[2020.11.08-07.30.30:355][  0]LogConfig: Setting CVar [[r.SkyAtmosphere.FastSkyLUT:1]]
[2020.11.08-07.30.30:355][  0]LogConfig: Setting CVar [[r.SkyAtmosphere.FastSkyLUT.SampleCountMin:4.0]]
[2020.11.08-07.30.30:355][  0]LogConfig: Setting CVar [[r.SkyAtmosphere.FastSkyLUT.SampleCountMax:32.0]]
[2020.11.08-07.30.30:355][  0]LogConfig: Setting CVar [[r.SkyAtmosphere.SampleCountMin:4.0]]
[2020.11.08-07.30.30:355][  0]LogConfig: Setting CVar [[r.SkyAtmosphere.SampleCountMax:32.0]]
[2020.11.08-07.30.30:355][  0]LogConfig: Setting CVar [[r.SkyAtmosphere.TransmittanceLUT.UseSmallFormat:0]]
[2020.11.08-07.30.30:355][  0]LogConfig: Setting CVar [[r.SkyAtmosphere.TransmittanceLUT.SampleCount:10.0]]
[2020.11.08-07.30.30:355][  0]LogConfig: Setting CVar [[r.SkyAtmosphere.MultiScatteringLUT.SampleCount:15.0]]
[2020.11.08-07.30.30:355][  0]LogConfig: Applying CVar settings from Section [FoliageQuality@3] File [D:/Epic Games/Unreal Engine 4/Unreal Project/CreateLogo/Saved/Config/Windows/Scalability.ini]
[2020.11.08-07.30.30:355][  0]LogConfig: Setting CVar [[foliage.DensityScale:1.0]]
[2020.11.08-07.30.30:355][  0]LogConfig: Setting CVar [[grass.DensityScale:1.0]]
[2020.11.08-07.30.30:355][  0]LogConfig: Applying CVar settings from Section [ShadingQuality@3] File [D:/Epic Games/Unreal Engine 4/Unreal Project/CreateLogo/Saved/Config/Windows/Scalability.ini]
[2020.11.08-07.30.30:355][  0]LogConfig: Setting CVar [[r.HairStrands.SkyLighting.SampleCount:16]]
[2020.11.08-07.30.30:355][  0]LogConfig: Setting CVar [[r.HairStrands.SkyLighting.JitterIntegration:0]]
[2020.11.08-07.30.30:355][  0]LogConfig: Setting CVar [[r.HairStrands.SkyAO.SampleCount:16]]
[2020.11.08-07.30.30:355][  0]LogConfig: Setting CVar [[r.HairStrands.DeepShadow.SuperSampling:0]]
[2020.11.08-07.30.30:355][  0]LogConfig: Setting CVar [[r.HairStrands.VisibilityPPLL:0]]
[2020.11.08-07.30.30:355][  0]LogConfig: Setting CVar [[r.HairStrands.RasterizationScale:0.5]]
[2020.11.08-07.30.30:355][  0]LogConfig: Setting CVar [[r.HairStrands.VelocityRasterizationScale:1]]
[2020.11.08-07.30.30:362][  0]LogInit: Selected Device Profile: [Windows]
[2020.11.08-07.30.30:362][  0]LogInit: Applying CVar settings loaded from the selected device profile: [Windows]
[2020.11.08-07.30.30:378][  0]LogHAL: Display: Platform has ~ 8 GB [8554156032 / 8589934592 / 8], which maps to Default [LargestMinGB=32, LargerMinGB=12, DefaultMinGB=8, SmallerMinGB=6, SmallestMinGB=0)
[2020.11.08-07.30.30:387][  0]LogInit: Going up to parent DeviceProfile []
[2020.11.08-07.30.30:388][  0]LogConfig: Applying CVar settings from Section [ViewDistanceQuality@3] File [D:/Epic Games/Unreal Engine 4/Unreal Project/CreateLogo/Saved/Config/Windows/Scalability.ini]
[2020.11.08-07.30.30:388][  0]LogConfig: Setting CVar [[r.SkeletalMeshLODBias:0]]
[2020.11.08-07.30.30:388][  0]LogConfig: Setting CVar [[r.ViewDistanceScale:1.0]]
[2020.11.08-07.30.30:388][  0]LogConfig: Applying CVar settings from Section [AntiAliasingQuality@3] File [D:/Epic Games/Unreal Engine 4/Unreal Project/CreateLogo/Saved/Config/Windows/Scalability.ini]
[2020.11.08-07.30.30:388][  0]LogConfig: Setting CVar [[r.PostProcessAAQuality:4]]
[2020.11.08-07.30.30:388][  0]LogConfig: Applying CVar settings from Section [ShadowQuality@3] File [D:/Epic Games/Unreal Engine 4/Unreal Project/CreateLogo/Saved/Config/Windows/Scalability.ini]
[2020.11.08-07.30.30:388][  0]LogConfig: Setting CVar [[r.LightFunctionQuality:1]]
[2020.11.08-07.30.30:388][  0]LogConfig: Setting CVar [[r.ShadowQuality:5]]
[2020.11.08-07.30.30:388][  0]LogConfig: Setting CVar [[r.Shadow.CSM.MaxCascades:10]]
[2020.11.08-07.30.30:388][  0]LogConfig: Setting CVar [[r.Shadow.MaxResolution:2048]]
[2020.11.08-07.30.30:388][  0]LogConfig: Setting CVar [[r.Shadow.MaxCSMResolution:2048]]
[2020.11.08-07.30.30:388][  0]LogConfig: Setting CVar [[r.Shadow.RadiusThreshold:0.01]]
[2020.11.08-07.30.30:388][  0]LogConfig: Setting CVar [[r.Shadow.DistanceScale:1.0]]
[2020.11.08-07.30.30:388][  0]LogConfig: Setting CVar [[r.Shadow.CSM.TransitionScale:1.0]]
[2020.11.08-07.30.30:388][  0]LogConfig: Setting CVar [[r.Shadow.PreShadowResolutionFactor:1.0]]
[2020.11.08-07.30.30:388][  0]LogConfig: Setting CVar [[r.DistanceFieldShadowing:1]]
[2020.11.08-07.30.30:388][  0]LogConfig: Setting CVar [[r.DistanceFieldAO:1]]
[2020.11.08-07.30.30:388][  0]LogConfig: Setting CVar [[r.AOQuality:2]]
[2020.11.08-07.30.30:388][  0]LogConfig: Setting CVar [[r.VolumetricFog:1]]
[2020.11.08-07.30.30:388][  0]LogConfig: Setting CVar [[r.VolumetricFog.GridPixelSize:8]]
[2020.11.08-07.30.30:388][  0]LogConfig: Setting CVar [[r.VolumetricFog.GridSizeZ:128]]
[2020.11.08-07.30.30:388][  0]LogConfig: Setting CVar [[r.VolumetricFog.HistoryMissSupersampleCount:4]]
[2020.11.08-07.30.30:388][  0]LogConfig: Setting CVar [[r.LightMaxDrawDistanceScale:1]]
[2020.11.08-07.30.30:388][  0]LogConfig: Setting CVar [[r.CapsuleShadows:1]]
[2020.11.08-07.30.30:388][  0]LogConfig: Applying CVar settings from Section [PostProcessQuality@3] File [D:/Epic Games/Unreal Engine 4/Unreal Project/CreateLogo/Saved/Config/Windows/Scalability.ini]
[2020.11.08-07.30.30:388][  0]LogConfig: Setting CVar [[r.MotionBlurQuality:4]]
[2020.11.08-07.30.30:388][  0]LogConfig: Setting CVar [[r.AmbientOcclusionMipLevelFactor:0.4]]
[2020.11.08-07.30.30:388][  0]LogConfig: Setting CVar [[r.AmbientOcclusionMaxQuality:100]]
[2020.11.08-07.30.30:388][  0]LogConfig: Setting CVar [[r.AmbientOcclusionLevels:-1]]
[2020.11.08-07.30.30:388][  0]LogConfig: Setting CVar [[r.AmbientOcclusionRadiusScale:1.0]]
[2020.11.08-07.30.30:388][  0]LogConfig: Setting CVar [[r.DepthOfFieldQuality:2]]
[2020.11.08-07.30.30:388][  0]LogConfig: Setting CVar [[r.RenderTargetPoolMin:400]]
[2020.11.08-07.30.30:388][  0]LogConfig: Setting CVar [[r.LensFlareQuality:2]]
[2020.11.08-07.30.30:388][  0]LogConfig: Setting CVar [[r.SceneColorFringeQuality:1]]
[2020.11.08-07.30.30:388][  0]LogConfig: Setting CVar [[r.EyeAdaptationQuality:2]]
[2020.11.08-07.30.30:388][  0]LogConfig: Setting CVar [[r.BloomQuality:5]]
[2020.11.08-07.30.30:388][  0]LogConfig: Setting CVar [[r.FastBlurThreshold:100]]
[2020.11.08-07.30.30:388][  0]LogConfig: Setting CVar [[r.Upscale.Quality:3]]
[2020.11.08-07.30.30:388][  0]LogConfig: Setting CVar [[r.Tonemapper.GrainQuantization:1]]
[2020.11.08-07.30.30:388][  0]LogConfig: Setting CVar [[r.LightShaftQuality:1]]
[2020.11.08-07.30.30:388][  0]LogConfig: Setting CVar [[r.Filter.SizeScale:1]]
[2020.11.08-07.30.30:388][  0]LogConfig: Setting CVar [[r.Tonemapper.Quality:5]]
[2020.11.08-07.30.30:388][  0]LogConfig: Setting CVar [[r.DOF.Gather.AccumulatorQuality:1        ; higher gathering accumulator quality]]
[2020.11.08-07.30.30:388][  0]LogConfig: Setting CVar [[r.DOF.Gather.PostfilterMethod:1          ; Median3x3 postfilering method]]
[2020.11.08-07.30.30:388][  0]LogConfig: Setting CVar [[r.DOF.Gather.EnableBokehSettings:0       ; no bokeh simulation when gathering]]
[2020.11.08-07.30.30:389][  0]LogConfig: Setting CVar [[r.DOF.Gather.RingCount:4                 ; medium number of samples when gathering]]
[2020.11.08-07.30.30:389][  0]LogConfig: Setting CVar [[r.DOF.Scatter.ForegroundCompositing:1    ; additive foreground scattering]]
[2020.11.08-07.30.30:389][  0]LogConfig: Setting CVar [[r.DOF.Scatter.BackgroundCompositing:2    ; additive background scattering]]
[2020.11.08-07.30.30:389][  0]LogConfig: Setting CVar [[r.DOF.Scatter.EnableBokehSettings:1      ; bokeh simulation when scattering]]
[2020.11.08-07.30.30:389][  0]LogConfig: Setting CVar [[r.DOF.Scatter.MaxSpriteRatio:0.1         ; only a maximum of 10% of scattered bokeh]]
[2020.11.08-07.30.30:389][  0]LogConfig: Setting CVar [[r.DOF.Recombine.Quality:1                ; cheap slight out of focus]]
[2020.11.08-07.30.30:389][  0]LogConfig: Setting CVar [[r.DOF.Recombine.EnableBokehSettings:0    ; no bokeh simulation on slight out of focus]]
[2020.11.08-07.30.30:389][  0]LogConfig: Setting CVar [[r.DOF.TemporalAAQuality:1                ; more stable temporal accumulation]]
[2020.11.08-07.30.30:389][  0]LogConfig: Setting CVar [[r.DOF.Kernel.MaxForegroundRadius:0.025]]
[2020.11.08-07.30.30:389][  0]LogConfig: Setting CVar [[r.DOF.Kernel.MaxBackgroundRadius:0.025]]
[2020.11.08-07.30.30:389][  0]LogConfig: Applying CVar settings from Section [TextureQuality@3] File [D:/Epic Games/Unreal Engine 4/Unreal Project/CreateLogo/Saved/Config/Windows/Scalability.ini]
[2020.11.08-07.30.30:389][  0]LogConfig: Setting CVar [[r.Streaming.MipBias:0]]
[2020.11.08-07.30.30:389][  0]LogConfig: Setting CVar [[r.Streaming.AmortizeCPUToGPUCopy:0]]
[2020.11.08-07.30.30:389][  0]LogConfig: Setting CVar [[r.Streaming.MaxNumTexturesToStreamPerFrame:0]]
[2020.11.08-07.30.30:389][  0]LogConfig: Setting CVar [[r.Streaming.Boost:1]]
[2020.11.08-07.30.30:389][  0]LogConfig: Setting CVar [[r.MaxAnisotropy:8]]
[2020.11.08-07.30.30:389][  0]LogConfig: Setting CVar [[r.VT.MaxAnisotropy:8]]
[2020.11.08-07.30.30:389][  0]LogConfig: Setting CVar [[r.Streaming.LimitPoolSizeToVRAM:0]]
[2020.11.08-07.30.30:389][  0]LogConfig: Setting CVar [[r.Streaming.PoolSize:1000]]
[2020.11.08-07.30.30:389][  0]LogConfig: Setting CVar [[r.Streaming.MaxEffectiveScreenSize:0]]
[2020.11.08-07.30.30:389][  0]LogConfig: Applying CVar settings from Section [EffectsQuality@3] File [D:/Epic Games/Unreal Engine 4/Unreal Project/CreateLogo/Saved/Config/Windows/Scalability.ini]
[2020.11.08-07.30.30:389][  0]LogConfig: Setting CVar [[r.TranslucencyLightingVolumeDim:64]]
[2020.11.08-07.30.30:389][  0]LogConfig: Setting CVar [[r.RefractionQuality:2]]
[2020.11.08-07.30.30:389][  0]LogConfig: Setting CVar [[r.SSR.Quality:3]]
[2020.11.08-07.30.30:390][  0]LogConfig: Setting CVar [[r.SSR.HalfResSceneColor:0]]
[2020.11.08-07.30.30:390][  0]LogConfig: Setting CVar [[r.SceneColorFormat:4]]
[2020.11.08-07.30.30:390][  0]LogConfig: Setting CVar [[r.DetailMode:2]]
[2020.11.08-07.30.30:390][  0]LogConfig: Setting CVar [[r.TranslucencyVolumeBlur:1]]
[2020.11.08-07.30.30:390][  0]LogConfig: Setting CVar [[r.MaterialQualityLevel:1 ; High quality]]
[2020.11.08-07.30.30:390][  0]LogConfig: Setting CVar [[r.SSS.Scale:1]]
[2020.11.08-07.30.30:390][  0]LogConfig: Setting CVar [[r.SSS.SampleSet:2]]
[2020.11.08-07.30.30:390][  0]LogConfig: Setting CVar [[r.SSS.Quality:1]]
[2020.11.08-07.30.30:390][  0]LogConfig: Setting CVar [[r.SSS.HalfRes:0]]
[2020.11.08-07.30.30:390][  0]LogConfig: Setting CVar [[r.SSGI.Quality:3]]
[2020.11.08-07.30.30:390][  0]LogConfig: Setting CVar [[r.EmitterSpawnRateScale:1.0]]
[2020.11.08-07.30.30:390][  0]LogConfig: Setting CVar [[r.ParticleLightQuality:2]]
[2020.11.08-07.30.30:390][  0]LogConfig: Setting CVar [[r.SkyAtmosphere.AerialPerspectiveLUT.FastApplyOnOpaque:1 ; Always have FastSkyLUT 1 in this case to avoid wrong sky]]
[2020.11.08-07.30.30:390][  0]LogConfig: Setting CVar [[r.SkyAtmosphere.AerialPerspectiveLUT.SampleCountPerSlice:1]]
[2020.11.08-07.30.30:390][  0]LogConfig: Setting CVar [[r.SkyAtmosphere.AerialPerspectiveLUT.DepthResolution:16.0]]
[2020.11.08-07.30.30:390][  0]LogConfig: Setting CVar [[r.SkyAtmosphere.FastSkyLUT:1]]
[2020.11.08-07.30.30:390][  0]LogConfig: Setting CVar [[r.SkyAtmosphere.FastSkyLUT.SampleCountMin:4.0]]
[2020.11.08-07.30.30:390][  0]LogConfig: Setting CVar [[r.SkyAtmosphere.FastSkyLUT.SampleCountMax:32.0]]
[2020.11.08-07.30.30:390][  0]LogConfig: Setting CVar [[r.SkyAtmosphere.SampleCountMin:4.0]]
[2020.11.08-07.30.30:390][  0]LogConfig: Setting CVar [[r.SkyAtmosphere.SampleCountMax:32.0]]
[2020.11.08-07.30.30:390][  0]LogConfig: Setting CVar [[r.SkyAtmosphere.TransmittanceLUT.UseSmallFormat:0]]
[2020.11.08-07.30.30:390][  0]LogConfig: Setting CVar [[r.SkyAtmosphere.TransmittanceLUT.SampleCount:10.0]]
[2020.11.08-07.30.30:390][  0]LogConfig: Setting CVar [[r.SkyAtmosphere.MultiScatteringLUT.SampleCount:15.0]]
[2020.11.08-07.30.30:390][  0]LogConfig: Applying CVar settings from Section [FoliageQuality@3] File [D:/Epic Games/Unreal Engine 4/Unreal Project/CreateLogo/Saved/Config/Windows/Scalability.ini]
[2020.11.08-07.30.30:390][  0]LogConfig: Setting CVar [[foliage.DensityScale:1.0]]
[2020.11.08-07.30.30:390][  0]LogConfig: Setting CVar [[grass.DensityScale:1.0]]
[2020.11.08-07.30.30:390][  0]LogConfig: Applying CVar settings from Section [ShadingQuality@3] File [D:/Epic Games/Unreal Engine 4/Unreal Project/CreateLogo/Saved/Config/Windows/Scalability.ini]
[2020.11.08-07.30.30:390][  0]LogConfig: Setting CVar [[r.HairStrands.SkyLighting.SampleCount:16]]
[2020.11.08-07.30.30:390][  0]LogConfig: Setting CVar [[r.HairStrands.SkyLighting.JitterIntegration:0]]
[2020.11.08-07.30.30:390][  0]LogConfig: Setting CVar [[r.HairStrands.SkyAO.SampleCount:16]]
[2020.11.08-07.30.30:390][  0]LogConfig: Setting CVar [[r.HairStrands.DeepShadow.SuperSampling:0]]
[2020.11.08-07.30.30:390][  0]LogConfig: Setting CVar [[r.HairStrands.VisibilityPPLL:0]]
[2020.11.08-07.30.30:390][  0]LogConfig: Setting CVar [[r.HairStrands.RasterizationScale:0.5]]
[2020.11.08-07.30.30:390][  0]LogConfig: Setting CVar [[r.HairStrands.VelocityRasterizationScale:1]]
[2020.11.08-07.30.30:390][  0]LogConfig: Applying CVar settings from Section [Startup] File [../../../Engine/Config/ConsoleVariables.ini]
[2020.11.08-07.30.30:406][  0]LogConfig: Setting CVar [[net.UseAdaptiveNetUpdateFrequency:0]]
[2020.11.08-07.30.30:406][  0]LogConfig: Setting CVar [[p.chaos.AllowCreatePhysxBodies:1]]
[2020.11.08-07.30.30:406][  0]LogConfig: Setting CVar [[fx.SkipVectorVMBackendOptimizations:1]]
[2020.11.08-07.30.30:406][  0]LogConfig: Applying CVar settings from Section [ConsoleVariables] File [D:/Epic Games/Unreal Engine 4/Unreal Project/CreateLogo/Saved/Config/Windows/Engine.ini]
[2020.11.08-07.30.30:418][  0]LogInit: Computer: DESKTOP-0H775LD
[2020.11.08-07.30.30:418][  0]LogInit: User: xwink
[2020.11.08-07.30.30:418][  0]LogInit: CPU Page size=4096, Cores=2
[2020.11.08-07.30.30:418][  0]LogInit: High frequency timer resolution =10.000000 MHz
[2020.11.08-07.30.30:418][  0]LogMemory: Memory total: Physical=8.0GB (8GB approx)
[2020.11.08-07.30.30:418][  0]LogMemory: Platform Memory Stats for Windows
[2020.11.08-07.30.30:418][  0]LogMemory: Process Physical Memory: 113.74 MB used, 113.74 MB peak
[2020.11.08-07.30.30:418][  0]LogMemory: Process Virtual Memory: 103.16 MB used, 103.16 MB peak
[2020.11.08-07.30.30:418][  0]LogMemory: Physical Memory: 4136.04 MB used,  4021.84 MB free, 8157.88 MB total
[2020.11.08-07.30.30:419][  0]LogMemory: Virtual Memory: 5131.32 MB used,  134212600.00 MB free, 134217728.00 MB total
[2020.11.08-07.30.30:431][  0]LogWindows: WindowsPlatformFeatures enabled
[2020.11.08-07.30.31:473][  0]LogInit: Physics initialised using underlying interface: PhysX
[2020.11.08-07.30.31:480][  0]LogInit: Using OS detected language (en-US).
[2020.11.08-07.30.31:480][  0]LogInit: Using OS detected locale (en-US).
[2020.11.08-07.30.31:674][  0]LogTextLocalizationManager: No specific localization for 'en-US' exists, so the 'en' localization will be used.
[2020.11.08-07.30.32:399][  0]LogInit: Setting process to per monitor DPI aware
[2020.11.08-07.30.33:118][  0]LogSlate: New Slate User Created.  User Index 0, Is Virtual User: 0
[2020.11.08-07.30.33:118][  0]LogSlate: Slate User Registered.  User Index 0, Is Virtual User: 0
[2020.11.08-07.30.34:034][  0]LogHMD: Failed to initialize OpenVR with code 110
[2020.11.08-07.30.34:034][  0]LogD3D11RHI: D3D11 min allowed feature level: 11_0
[2020.11.08-07.30.34:034][  0]LogD3D11RHI: D3D11 max allowed feature level: 11_0
[2020.11.08-07.30.34:034][  0]LogD3D11RHI: D3D11 adapters:
[2020.11.08-07.30.34:146][  0]LogD3D11RHI:    0. 'NVIDIA GeForce GT 730' (Feature Level 11_0)
[2020.11.08-07.30.34:146][  0]LogD3D11RHI:       1989/0/4078 MB DedicatedVideo/DedicatedSystem/SharedSystem, Outputs:1, VendorId:0x10de
[2020.11.08-07.30.34:149][  0]LogD3D11RHI:    1. 'Microsoft Basic Render Driver' (Feature Level 11_0)
[2020.11.08-07.30.34:150][  0]LogD3D11RHI:       0/0/4078 MB DedicatedVideo/DedicatedSystem/SharedSystem, Outputs:0, VendorId:0x1414
[2020.11.08-07.30.34:150][  0]LogD3D11RHI: Chosen D3D11 Adapter: 0
[2020.11.08-07.30.34:168][  0]LogD3D11RHI: Creating new Direct3DDevice
[2020.11.08-07.30.34:168][  0]LogD3D11RHI:     GPU DeviceId: 0xf02 (for the marketing name, search the web for "GPU Device Id")
[2020.11.08-07.30.34:168][  0]LogWindows: EnumDisplayDevices:
[2020.11.08-07.30.34:169][  0]LogWindows:    0. 'NVIDIA GeForce GT 730' (P:1 D:1)
[2020.11.08-07.30.34:169][  0]LogWindows:    1. 'NVIDIA GeForce GT 730' (P:0 D:0)
[2020.11.08-07.30.34:170][  0]LogWindows: DebugString: FoundDriverCount:2 
[2020.11.08-07.30.34:170][  0]LogD3D11RHI:     Adapter Name: NVIDIA GeForce GT 730
[2020.11.08-07.30.34:170][  0]LogD3D11RHI:   Driver Version: 391.35 (internal:23.21.13.9135, unified:391.35)
[2020.11.08-07.30.34:170][  0]LogD3D11RHI:      Driver Date: 3-23-2018
[2020.11.08-07.30.34:170][  0]LogRHI: Texture pool is 1392 MB (70% of 1989 MB)
[2020.11.08-07.30.34:286][  0]LogD3D11RHI: Display: Timestamp queries are currently disabled on this hardware due to instability. Realtime GPU stats will not be available. You can override this behaviour by setting r.NVIDIATimestampWorkaround to 0
[2020.11.08-07.30.34:286][  0]LogD3D11RHI: RHI does not have support for 64 bit atomics
[2020.11.08-07.30.34:296][  0]LogD3D11RHI: [Aftermath] Enabled and primed
[2020.11.08-07.30.34:296][  0]LogD3D11RHI: Async texture creation enabled
[2020.11.08-07.30.34:650][  0]LogD3D11RHI: GPU Timing Frequency: 1000.000000 (Debug: 2 2)
[2020.11.08-07.30.36:834][  0]LogTargetPlatformManager: Display: Loaded TargetPlatform 'AllDesktop'
[2020.11.08-07.30.36:944][  0]LogTargetPlatformManager: Display: Loaded TargetPlatform 'Android'
[2020.11.08-07.30.36:945][  0]LogTargetPlatformManager: Display: Loaded TargetPlatform 'Android_ASTC'
[2020.11.08-07.30.36:945][  0]LogTargetPlatformManager: Display: Loaded TargetPlatform 'Android_DXT'
[2020.11.08-07.30.36:945][  0]LogTargetPlatformManager: Display: Loaded TargetPlatform 'Android_ETC2'
[2020.11.08-07.30.36:945][  0]LogTargetPlatformManager: Display: Loaded TargetPlatform 'AndroidClient'
[2020.11.08-07.30.36:945][  0]LogTargetPlatformManager: Display: Loaded TargetPlatform 'Android_ASTCClient'
[2020.11.08-07.30.36:945][  0]LogTargetPlatformManager: Display: Loaded TargetPlatform 'Android_DXTClient'
[2020.11.08-07.30.36:945][  0]LogTargetPlatformManager: Display: Loaded TargetPlatform 'Android_ETC2Client'
[2020.11.08-07.30.36:945][  0]LogTargetPlatformManager: Display: Loaded TargetPlatform 'Android_Multi'
[2020.11.08-07.30.36:945][  0]LogTargetPlatformManager: Display: Loaded TargetPlatform 'Android_MultiClient'
[2020.11.08-07.30.37:202][  0]LogTargetPlatformManager: Display: Loaded TargetPlatform 'IOSClient'
[2020.11.08-07.30.37:203][  0]LogTargetPlatformManager: Display: Loaded TargetPlatform 'IOS'
[2020.11.08-07.30.37:236][  0]LogTargetPlatformManager: Display: Loaded TargetPlatform 'Linux'
[2020.11.08-07.30.37:254][  0]LogTargetPlatformManager: Display: Loaded TargetPlatform 'LinuxNoEditor'
[2020.11.08-07.30.37:300][  0]LogTargetPlatformManager: Display: Loaded TargetPlatform 'LinuxClient'
[2020.11.08-07.30.37:319][  0]LogTargetPlatformManager: Display: Loaded TargetPlatform 'LinuxServer'
[2020.11.08-07.30.37:356][  0]LogTargetPlatformManager: Display: Loaded TargetPlatform 'LinuxAArch64NoEditor'
[2020.11.08-07.30.37:529][  0]LogTargetPlatformManager: Display: Loaded TargetPlatform 'LinuxAArch64Client'
[2020.11.08-07.30.37:544][  0]LogTargetPlatformManager: Display: Loaded TargetPlatform 'LinuxAArch64Server'
[2020.11.08-07.30.37:609][  0]LogTargetPlatformManager: Display: Loaded TargetPlatform 'Lumin'
[2020.11.08-07.30.37:609][  0]LogTargetPlatformManager: Display: Loaded TargetPlatform 'LuminClient'
[2020.11.08-07.30.37:643][  0]LogTargetPlatformManager: Display: Loaded TargetPlatform 'TVOSClient'
[2020.11.08-07.30.37:643][  0]LogTargetPlatformManager: Display: Loaded TargetPlatform 'TVOS'
[2020.11.08-07.30.37:678][  0]LogTargetPlatformManager: Display: Loaded TargetPlatform 'WindowsNoEditor'
[2020.11.08-07.30.37:729][  0]LogTargetPlatformManager: Display: Loaded TargetPlatform 'Windows'
[2020.11.08-07.30.37:796][  0]LogTargetPlatformManager: Display: Loaded TargetPlatform 'WindowsClient'
[2020.11.08-07.30.37:822][  0]LogTargetPlatformManager: Display: Loaded TargetPlatform 'WindowsServer'
[2020.11.08-07.30.37:822][  0]LogTargetPlatformManager: Display: Building Assets For Windows
[2020.11.08-07.30.37:970][  0]LogAudioDebug: Display: Lib vorbis DLL was dynamically loaded.
[2020.11.08-07.30.38:847][  0]LogShaderCompilers: Guid format shader working directory is 9 characters bigger than the processId version (../../../../Unreal Project/CreateLogo/Intermediate/Shaders/WorkingDirectory/6128/).
[2020.11.08-07.30.38:847][  0]LogShaderCompilers: Cleaned the shader compiler working directory 'C:/Users/xwink/AppData/Local/Temp/UnrealShaderWorkingDir/AC919B9644ED93FD4F7DB7AB354C0D8E/'.
[2020.11.08-07.30.38:868][  0]LogXGEController: Cleaning working directory: C:/Users/xwink/AppData/Local/Temp/UnrealXGEWorkingDir/
[2020.11.08-07.30.38:888][  0]LogShaderCompilers: Display: Using XGE Shader Compiler (Interception Interface).
[2020.11.08-07.30.42:343][  0]LogDerivedDataCache: Display: Max Cache Size: 512 MB
[2020.11.08-07.30.42:726][  0]LogDerivedDataCache: Loaded boot cache 0.38s 75MB C:/Users/xwink/AppData/Local/UnrealEngine/4.25/DerivedDataCache/Boot.ddc.
[2020.11.08-07.30.42:727][  0]LogDerivedDataCache: Display: Loaded Boot cache: C:/Users/xwink/AppData/Local/UnrealEngine/4.25/DerivedDataCache/Boot.ddc
[2020.11.08-07.30.42:727][  0]LogDerivedDataCache: FDerivedDataBackendGraph:  Pak pak cache file ../../../../Unreal Project/CreateLogo/DerivedDataCache/DDC.ddp not found, will not use a pak cache.
[2020.11.08-07.30.42:727][  0]LogDerivedDataCache: Unable to find inner node Pak for hierarchical cache Hierarchy.
[2020.11.08-07.30.42:727][  0]LogDerivedDataCache: FDerivedDataBackendGraph:  CompressedPak pak cache file ../../../../Unreal Project/CreateLogo/DerivedDataCache/Compressed.ddp not found, will not use a pak cache.
[2020.11.08-07.30.42:727][  0]LogDerivedDataCache: Unable to find inner node CompressedPak for hierarchical cache Hierarchy.
[2020.11.08-07.30.42:792][  0]LogDerivedDataCache: Display: Pak cache opened for reading ../../../Engine/DerivedDataCache/Compressed.ddp.
[2020.11.08-07.30.42:792][  0]LogDerivedDataCache: FDerivedDataBackendGraph:  EnterprisePak pak cache file ../../../Enterprise/DerivedDataCache/Compressed.ddp not found, will not use a pak cache.
[2020.11.08-07.30.42:792][  0]LogDerivedDataCache: Unable to find inner node EnterprisePak for hierarchical cache Hierarchy.
[2020.11.08-07.30.42:794][  0]LogDerivedDataCache: Using Local data cache path C:/Users/xwink/AppData/Local/UnrealEngine/Common/DerivedDataCache: Writable
[2020.11.08-07.30.42:794][  0]LogDerivedDataCache: Shared data cache path not found in *engine.ini, will not use an Shared cache.
[2020.11.08-07.30.42:794][  0]LogDerivedDataCache: Unable to find inner node Shared for hierarchical cache Hierarchy.
[2020.11.08-07.30.43:032][  0]LogSlate: Using FreeType 2.10.0
[2020.11.08-07.30.43:151][  0]LogSlate: SlateFontServices - WITH_FREETYPE: 1, WITH_HARFBUZZ: 1
[2020.11.08-07.30.44:221][  0]LogAssetRegistry: FAssetRegistry took 0.0107 seconds to start up
[2020.11.08-07.30.53:655][  0]LogInit: Selected Device Profile: [Windows]
[2020.11.08-07.30.59:564][  0]LogMeshReduction: Using QuadricMeshReduction for automatic static mesh reduction
[2020.11.08-07.30.59:564][  0]LogMeshReduction: Using SimplygonMeshReduction for automatic skeletal mesh reduction
[2020.11.08-07.30.59:564][  0]LogMeshReduction: Using ProxyLODMeshReduction for automatic mesh merging
[2020.11.08-07.30.59:564][  0]LogMeshReduction: No distributed automatic mesh merging module available
[2020.11.08-07.30.59:564][  0]LogMeshMerging: No distributed automatic mesh merging module available
[2020.11.08-07.31.00:337][  0]LogNetVersion: CreateLogo 1.0.0, NetCL: 13144385, EngineNetVer: 14, GameNetVer: 0 (Checksum: 3295459812)
[2020.11.08-07.31.14:108][  0]LogAISub: UAISubsystem::UAISubsystem AISubsystem (00000216DA09E980), frame # 0
[2020.11.08-07.31.14:108][  0]LogAISub: UAISubsystem::UAISubsystem AIPerceptionSystem (00000216D9F6A840), frame # 0
[2020.11.08-07.31.14:146][  0]LogAISub: UAISubsystem::UAISubsystem EnvQueryManager (00000216D9FB5C00), frame # 0
[2020.11.08-07.31.14:628][  0]LogPackageLocalizationCache: Processed 19 localized package path(s) for 1 prioritized culture(s) in 0.158037 seconds
[2020.11.08-07.31.14:660][  0]LogUObjectArray: 15917 objects as part of root set at end of initial load.
[2020.11.08-07.31.14:660][  0]LogUObjectAllocator: 3965568 out of 0 bytes used by permanent object pool.
[2020.11.08-07.31.14:660][  0]LogUObjectArray: CloseDisregardForGC: 0/0 objects in disregard for GC pool
[2020.11.08-07.31.20:537][  0]LogTcpMessaging: Initializing TcpMessaging bridge
[2020.11.08-07.31.20:565][  0]LogUdpMessaging: Initializing bridge on interface 0.0.0.0:0 to multicast group 230.0.0.1:6666.
[2020.11.08-07.31.21:044][  0]LogLinker: Warning: Failed to load '/Game/InventorySystem/InventoryTutorial': Can't find file.
[2020.11.08-07.31.21:066][  0]LogLinker: Warning: Failed to load '/Game/InventorySystem/InventoryTutorial': Can't find file.
[2020.11.08-07.31.21:066][  0]LogUObjectGlobals: Warning: Failed to find object 'Class /Game/InventorySystem/InventoryTutorial.InventoryTutorial_C'
[2020.11.08-07.31.21:438][  0]SourceControl: Source control is disabled
[2020.11.08-07.31.21:452][  0]SourceControl: Source control is disabled
[2020.11.08-07.31.21:585][  0]SourceControl: Source control is disabled
[2020.11.08-07.31.21:601][  0]SourceControl: Source control is disabled
[2020.11.08-07.31.21:642][  0]SourceControl: Source control is disabled
[2020.11.08-07.31.24:360][  0]LogAndroidPermission: UAndroidPermissionCallbackProxy::GetInstance
[2020.11.08-07.31.24:442][  0]LogAudioCaptureCore: Display: No Audio Capture implementations found. Audio input will be silent.
[2020.11.08-07.31.24:442][  0]LogAudioCaptureCore: Display: No Audio Capture implementations found. Audio input will be silent.
[2020.11.08-07.31.24:832][  0]LogOcInput: OculusInput pre-init called
[2020.11.08-07.31.24:885][  0]LogWindows: Failed to load 'OVRPlugin.dll' (GetLastError=126)
[2020.11.08-07.31.24:885][  0]LogWindows: File 'OVRPlugin.dll' does not exist
[2020.11.08-07.31.26:213][  0]LogEngine: Initializing Engine...
[2020.11.08-07.31.26:236][  0]LogHMD: Failed to initialize OpenVR with code 110
[2020.11.08-07.31.26:236][  0]LogMagicLeap: Warning: VR disabled because ZI is not enabled.  To enable, in the editor, Edit -> Project Settings -> Plugins -> Magic Leap Plugin -> Enable Zero Iteration
[2020.11.08-07.31.26:315][  0]LogStats: UGameplayTagsManager::InitializeManager -  0.018 s
[2020.11.08-07.31.27:089][  0]LogInit: Initializing FReadOnlyCVARCache
[2020.11.08-07.31.27:671][  0]LogAIModule: Creating AISystem for world Untitled
[2020.11.08-07.31.27:671][  0]LogAISub: UAISubsystem::UAISubsystem EnvQueryManager (00000216DD53BC00), frame # 0
[2020.11.08-07.31.27:680][  0]LogAISub: UAISubsystem::UAISubsystem AIPerceptionSystem (00000216DD57AE80), frame # 0
[2020.11.08-07.31.27:796][  0]LogAudioMixer: Display: Audio Mixer Platform Settings:
[2020.11.08-07.31.27:796][  0]LogAudioMixer: Display: 	Sample Rate:						  48000
[2020.11.08-07.31.27:796][  0]LogAudioMixer: Display: 	Callback Buffer Frame Size Requested: 1024
[2020.11.08-07.31.27:796][  0]LogAudioMixer: Display: 	Callback Buffer Frame Size To Use:	  1024
[2020.11.08-07.31.27:796][  0]LogAudioMixer: Display: 	Number of buffers to queue:			  2
[2020.11.08-07.31.27:796][  0]LogAudioMixer: Display: 	Max Channels (voices):				  32
[2020.11.08-07.31.27:796][  0]LogAudioMixer: Display: 	Number of Async Source Workers:		  0
[2020.11.08-07.31.27:801][  0]LogAudio: Display: AudioDevice MaxSources: 32
[2020.11.08-07.31.27:870][  0]LogAudio: Display: Using built-in audio occlusion.
[2020.11.08-07.31.27:870][  0]LogAudioMixer: Display: Initializing audio mixer.
[2020.11.08-07.31.28:093][  0]LogAudioMixer: Display: 0: FrontLeft
[2020.11.08-07.31.28:093][  0]LogAudioMixer: Display: 1: FrontRight
[2020.11.08-07.31.28:141][  0]LogAudioMixer: Display: Using Audio Device Speakers (High Definition Audio Device)
[2020.11.08-07.31.28:194][  0]LogAudioMixer: Display: Initializing Sound Submixes...
[2020.11.08-07.31.28:307][  0]LogAudioMixer: Display: Creating Master Submix 'MasterSubmixDefault'
[2020.11.08-07.31.28:307][  0]LogAudioMixer: Display: Creating Master Submix 'MasterReverbSubmixDefault'
[2020.11.08-07.31.28:309][  0]LogAudioMixer: Display: Creating Master Submix 'MasterEQSubmixDefault'
[2020.11.08-07.31.28:311][  0]LogInit: FAudioDevice initialized.
[2020.11.08-07.31.28:337][  0]LogNetVersion: Set ProjectVersion to 1.0.0.0. Version Checksum will be recalculated on next use.
[2020.11.08-07.31.28:488][  0]LogDerivedDataCache: Saved boot cache 0.15s 75MB C:/Users/xwink/AppData/Local/UnrealEngine/4.25/DerivedDataCache/Boot.ddc.
[2020.11.08-07.31.28:496][  0]LogInit: Texture streaming: Enabled
[2020.11.08-07.31.28:602][  0]LogEngineSessionManager: EngineSessionManager initialized
[2020.11.08-07.31.28:602][  0]LogEditorSessionSummary: Verbose: Initializing EditorSessionSummaryWriter for editor session tracking
[2020.11.08-07.31.28:623][  0]LogEditorSessionSummary: EditorSessionSummaryWriter initialized
[2020.11.08-07.31.28:973][  0]LogInit: Transaction tracking system initialized
[2020.11.08-07.31.29:310][  0]BlueprintLog: New page: Editor Load
[2020.11.08-07.31.30:560][  0]LocalizationService: Localization service is disabled
[2020.11.08-07.31.33:763][  0]LogFileCache: Scanning file cache for directory 'D:/Epic Games/Unreal Engine 4/Unreal Project/CreateLogo/Content/' took 0.02s
[2020.11.08-07.31.33:763][  0]LogCook: Display: Max memory allowance for cook 16384mb min free memory 0mb
[2020.11.08-07.31.33:763][  0]LogCook: Display: Mobile HDR setting 1
[2020.11.08-07.31.37:337][  0]SourceControl: Source control is disabled
[2020.11.08-07.31.37:351][  0]LogUnrealEdMisc: Loading editor; pre map load, took 97.212
[2020.11.08-07.31.37:371][  0]Cmd: MAP LOAD FILE="../../../../Unreal Project/CreateLogo/Content/ThirdPersonBP/Maps/ThirdPersonExampleMap.umap" TEMPLATE=0 SHOWPROGRESS=1 FEATURELEVEL=3
[2020.11.08-07.31.37:414][  0]LightingResults: New page: Lighting Build
[2020.11.08-07.31.37:496][  0]LogWorld: UWorld::CleanupWorld for Untitled, bSessionEnded=true, bCleanupResources=true
[2020.11.08-07.31.37:537][  0]LogSlate: InvalidateAllWidgets triggered.  All widgets were invalidated
[2020.11.08-07.31.37:549][  0]MapCheck: New page: Map Check
[2020.11.08-07.31.37:549][  0]LightingResults: New page: Lighting Build
[2020.11.08-07.31.37:848][  0]LogAISub: UAISubsystem::~UAISubsystem EnvQueryManager (00000216DD53BC00), frame # 0
[2020.11.08-07.31.37:848][  0]LogAISub: UAISubsystem::~UAISubsystem AIPerceptionSystem (00000216DD57AE80), frame # 0
[2020.11.08-07.31.37:850][  0]LogUObjectHash: Compacting FUObjectHashTables data took   1.16ms
[2020.11.08-07.31.40:139][  0]LogAIModule: Creating AISystem for world ThirdPersonExampleMap
[2020.11.08-07.31.40:139][  0]LogAISub: UAISubsystem::UAISubsystem EnvQueryManager (00000216CA70C400), frame # 0
[2020.11.08-07.31.40:139][  0]LogAISub: UAISubsystem::UAISubsystem AIPerceptionSystem (00000216CA7E65C0), frame # 0
[2020.11.08-07.31.40:555][  0]LogEditorServer: Finished looking for orphan Actors (0.000 secs)
[2020.11.08-07.31.40:639][  0]LogUObjectHash: Compacting FUObjectHashTables data took   0.89ms
[2020.11.08-07.31.40:640][  0]Cmd: MAP CHECKDEP NOCLEARLOG
[2020.11.08-07.31.40:653][  0]MapCheck: Map check complete: 0 Error(s), 0 Warning(s), took 13.09ms to complete.
[2020.11.08-07.31.40:653][  0]LogFileHelpers: Loading map 'ThirdPersonExampleMap' took 3.282
[2020.11.08-07.31.41:477][  0]LogUnrealEdMisc: Total Editor Startup Time, took 101.338
[2020.11.08-07.31.42:234][  0]LogSlate: Updating window title bar state: overlay mode, drag disabled, window buttons hidden, title bar hidden
[2020.11.08-07.31.42:248][  0]LogSlate: Updating window title bar state: overlay mode, drag disabled, window buttons hidden, title bar hidden
[2020.11.08-07.31.42:262][  0]LogSlate: Updating window title bar state: overlay mode, drag disabled, window buttons hidden, title bar hidden
[2020.11.08-07.31.42:276][  0]LogSlate: Updating window title bar state: overlay mode, drag disabled, window buttons hidden, title bar hidden
[2020.11.08-07.31.42:432][  0]LogCollectionManager: Loaded 0 collections in 0.002278 seconds
[2020.11.08-07.31.42:612][  0]LogFileCache: Scanning file cache for directory 'D:/Epic Games/Unreal Engine 4/Unreal Project/CreateLogo/Saved/Collections/' took 0.00s
[2020.11.08-07.31.42:612][  0]LogFileCache: Scanning file cache for directory 'D:/Epic Games/Unreal Engine 4/Unreal Project/CreateLogo/Content/Developers/xwink/Collections/' took 0.00s
[2020.11.08-07.31.42:612][  0]LogFileCache: Scanning file cache for directory 'D:/Epic Games/Unreal Engine 4/Unreal Project/CreateLogo/Content/Collections/' took 0.00s
[2020.11.08-07.31.42:612][  0]LogContentBrowser: Native class hierarchy populated in 0.0140 seconds. Added 3431 classes and 824 folders.
[2020.11.08-07.31.42:691][  0]LogContentBrowser: Native class hierarchy updated for 'WidgetCarousel' in 0.0003 seconds. Added 0 classes and 0 folders.
[2020.11.08-07.31.43:678][  0]LogContentBrowser: Native class hierarchy updated for 'AddContentDialog' in 0.0003 seconds. Added 0 classes and 0 folders.
[2020.11.08-07.31.43:768][  0]LogContentBrowser: Native class hierarchy updated for 'SceneOutliner' in 0.0004 seconds. Added 2 classes and 0 folders.
[2020.11.08-07.31.44:815][  0]LogSlate: Took 0.030795 seconds to synchronously load lazily loaded font '../../../Engine/Content/Slate/Fonts/Roboto-Regular.ttf' (155K)
[2020.11.08-07.31.44:899][  0]LogSlate: Took 0.045147 seconds to synchronously load lazily loaded font '../../../Engine/Content/Slate/Fonts/Roboto-Bold.ttf' (160K)
[2020.11.08-07.31.44:996][  0]LogSlate: Took 0.013641 seconds to synchronously load lazily loaded font '../../../Engine/Content/Editor/Slate/Fonts/FontAwesome.ttf' (139K)
[2020.11.08-07.31.45:805][  0]LogRenderer: Reallocating scene render targets to support 940x384 Format 10 NumSamples 1 (Frame:1).
[2020.11.08-07.31.46:912][  0]LogContentBrowser: Native class hierarchy updated for 'HierarchicalLODOutliner' in 0.0003 seconds. Added 0 classes and 0 folders.
[2020.11.08-07.31.46:912][  0]LogLoad: (Engine Initialization) Total time: 106.77 seconds
[2020.11.08-07.31.46:912][  0]LogLoad: (Engine Initialization) Total Blueprint compile time: 0.00 seconds
[2020.11.08-07.31.47:245][  0]LogContentStreaming: Texture pool size now 1000 MB
[2020.11.08-07.31.47:501][  0]LogSlate: Took 0.022032 seconds to synchronously load lazily loaded font '../../../Engine/Content/Slate/Fonts/Roboto-Light.ttf' (167K)
[2020.11.08-07.31.48:388][  2]LogAssetRegistry: Asset discovery search completed in 64.1702 seconds
[2020.11.08-07.31.48:394][  2]LogCollectionManager: Fixed up redirectors for 0 collections in 0.000003 seconds (updated 0 objects)
[2020.11.08-08.03.27:528][777]LogSlate: Took 0.000362 seconds to synchronously load lazily loaded font '../../../Engine/Content/Slate/Fonts/Roboto-Light.ttf' (167K)
[2020.11.08-08.03.43:922][150]LogFactory: FactoryCreateFile: StaticMesh with FbxFactory (0 0 E:\UNITY EDITOR\Asset\ASSET_ProjectSolarSpace\FinalAsset\LOGO\XLogoMesh.fbx)
[2020.11.08-08.03.44:094][150]LogFbx: Loading FBX Scene from E:\UNITY EDITOR\Asset\ASSET_ProjectSolarSpace\FinalAsset\LOGO\XLogoMesh.fbx
[2020.11.08-08.03.44:160][150]LogFbx: FBX Scene Loaded Succesfully
[2020.11.08-08.03.53:304][150]LogSlate: Window 'FBX Import Options' being destroyed
[2020.11.08-08.03.53:484][150]LogFbx: Display: Triangulating static mesh Text
[2020.11.08-08.03.53:544][150]LogStaticMesh: Building static mesh XLogoMesh_Text...
[2020.11.08-08.03.53:575][150]LogStaticMesh: Built static mesh [0.03s] /Game/LogoNiagara/XLogoMesh_Text.XLogoMesh_Text
[2020.11.08-08.03.53:654][150]LogFbx: Display: Triangulating static mesh Text.001
[2020.11.08-08.03.53:666][150]LogStaticMesh: Building static mesh XLogoMesh_Text_001...
[2020.11.08-08.03.53:675][150]LogStaticMesh: Built static mesh [0.01s] /Game/LogoNiagara/XLogoMesh_Text_001.XLogoMesh_Text_001
[2020.11.08-08.03.53:683][150]LogFbx: Display: Triangulating static mesh Text.002
[2020.11.08-08.03.53:725][150]LogStaticMesh: Building static mesh XLogoMesh_Text_002...
[2020.11.08-08.03.53:777][150]LogStaticMesh: Built static mesh [0.05s] /Game/LogoNiagara/XLogoMesh_Text_002.XLogoMesh_Text_002
[2020.11.08-08.03.56:995][262]LogUObjectHash: Compacting FUObjectHashTables data took   1.66ms
[2020.11.08-08.03.57:000][262]LogFileHelpers: Editor autosave (incl. sublevels) for '/Game/ThirdPersonBP/Maps/ThirdPersonExampleMap' took 0.019
[2020.11.08-08.03.57:000][262]OBJ SavePackage: Generating thumbnails for [1] asset(s) in package [/Game/LogoNiagara/XLogoMesh_Text_002] ([1] browsable assets)...
[2020.11.08-08.03.57:038][262]OBJ SavePackage:     Rendered thumbnail for [StaticMesh /Game/LogoNiagara/XLogoMesh_Text_002.XLogoMesh_Text_002]
[2020.11.08-08.03.57:039][262]OBJ SavePackage: Finished generating thumbnails for package [/Game/LogoNiagara/XLogoMesh_Text_002]
[2020.11.08-08.03.57:122][262]LogSavePackage: Moving '../../../../Unreal Project/CreateLogo/Saved/XLogoMesh_Text_002_Auto1DE5A6A1249A5C76DA571B4B09E002DF2.tmp' to '../../../../Unreal Project/CreateLogo/Saved/Autosaves/Game/LogoNiagara/XLogoMesh_Text_002_Auto1.uasset'
[2020.11.08-08.03.57:138][262]OBJ SavePackage: Generating thumbnails for [1] asset(s) in package [/Game/LogoNiagara/XLogoMesh_Text] ([1] browsable assets)...
[2020.11.08-08.03.57:174][262]OBJ SavePackage:     Rendered thumbnail for [StaticMesh /Game/LogoNiagara/XLogoMesh_Text.XLogoMesh_Text]
[2020.11.08-08.03.57:175][262]OBJ SavePackage: Finished generating thumbnails for package [/Game/LogoNiagara/XLogoMesh_Text]
[2020.11.08-08.03.57:176][262]Cmd: OBJ SAVEPACKAGE PACKAGE="/Game/LogoNiagara/XLogoMesh_Text" FILE="../../../../Unreal Project/CreateLogo/Saved/Autosaves/Game/LogoNiagara/XLogoMesh_Text_Auto1.uasset" SILENT=false AUTOSAVING=true
[2020.11.08-08.03.57:199][262]LogSavePackage: Moving '../../../../Unreal Project/CreateLogo/Saved/XLogoMesh_Text_Auto105BEE2AB497F513178414FBF844D0DEC.tmp' to '../../../../Unreal Project/CreateLogo/Saved/Autosaves/Game/LogoNiagara/XLogoMesh_Text_Auto1.uasset'
[2020.11.08-08.03.57:200][262]OBJ SavePackage: Generating thumbnails for [1] asset(s) in package [/Game/LogoNiagara/XLogoMesh_Text_001] ([1] browsable assets)...
[2020.11.08-08.03.57:240][262]OBJ SavePackage:     Rendered thumbnail for [StaticMesh /Game/LogoNiagara/XLogoMesh_Text_001.XLogoMesh_Text_001]
[2020.11.08-08.03.57:240][262]OBJ SavePackage: Finished generating thumbnails for package [/Game/LogoNiagara/XLogoMesh_Text_001]
[2020.11.08-08.03.57:280][262]LogSavePackage: Moving '../../../../Unreal Project/CreateLogo/Saved/XLogoMesh_Text_001_Auto19C8A3A3841BAD1AE304C919C289D8BCE.tmp' to '../../../../Unreal Project/CreateLogo/Saved/Autosaves/Game/LogoNiagara/XLogoMesh_Text_001_Auto1.uasset'
[2020.11.08-08.03.57:280][262]LogFileHelpers: Auto-saving content packages took 0.281
[2020.11.08-08.08.23:199][172]LogUObjectHash: Compacting FUObjectHashTables data took   1.09ms
[2020.11.08-08.08.24:156][172]LogSlate: Window 'Delete Assets' being destroyed
[2020.11.08-08.08.24:265][172]LogUObjectHash: Compacting FUObjectHashTables data took   1.06ms
[2020.11.08-08.08.34:778][305]LogFactory: FactoryCreateFile: StaticMesh with FbxFactory (0 0 E:\UNITY EDITOR\Asset\ASSET_ProjectSolarSpace\FinalAsset\LOGO\XLogoMesh.fbx)
[2020.11.08-08.08.34:790][305]LogFbx: Loading FBX Scene from E:\UNITY EDITOR\Asset\ASSET_ProjectSolarSpace\FinalAsset\LOGO\XLogoMesh.fbx
[2020.11.08-08.08.34:798][305]LogFbx: FBX Scene Loaded Succesfully
[2020.11.08-08.08.36:673][305]LogSlate: Window 'FBX Import Options' being destroyed
[2020.11.08-08.08.36:726][305]LogFbx: Display: Triangulating static mesh Text.001
[2020.11.08-08.08.36:802][305]LogStaticMesh: Building static mesh XLogoMesh...
[2020.11.08-08.08.36:872][305]LogStaticMesh: Built static mesh [0.07s] /Game/LogoNiagara/XLogoMesh.XLogoMesh
[2020.11.08-08.09.01:725][601]LogActorFactory: Actor Factory created XLogoMesh
[2020.11.08-08.09.02:875][650]LogActorFactory: Actor Factory created XLogoMesh
[2020.11.08-08.12.32:155][796]LogAssetEditorSubsystem: Opening Asset editor for NiagaraSystem /Game/LogoNiagara/XLogoNia.XLogoNia
[2020.11.08-08.12.34:218][796]24297_XLogoNia_MessageLog: System compile status dirty with 0 warning(s) and 0 error(s).
[2020.11.08-08.12.34:296][796]LogSlate: Took 0.048658 seconds to synchronously load lazily loaded font '../../../Engine/Content/Slate/Fonts/Roboto-BoldCondensed.ttf' (158K)
[2020.11.08-08.12.36:296][845]LogRenderer: Reallocating scene render targets to support 940x528 Format 10 NumSamples 1 (Frame:32).
[2020.11.08-08.12.36:440][848]LogSlate: Window 'XLogoNia' being destroyed
[2020.11.08-08.12.48:145][530]LogNiagara: StaticMesh data interface using a mesh that does not allow CPU access. Interface: NiagaraDataInterfaceStaticMesh /Engine/Transient.NiagaraComponent_0:NiagaraDataInterfaceStaticMesh_0, Mesh: StaticMesh /Game/LogoNiagara/XLogoMesh.XLogoMesh
[2020.11.08-08.12.48:146][530]LogNiagara: StaticMesh data interface using a mesh that does not allow CPU access. Interface: NiagaraDataInterfaceStaticMesh /Engine/Transient.NiagaraComponent_0:NiagaraDataInterfaceStaticMesh_0, Mesh: StaticMesh /Game/LogoNiagara/XLogoMesh.XLogoMesh
[2020.11.08-08.12.48:242][531]LogNiagara: StaticMesh data interface using a mesh that does not allow CPU access. Interface: NiagaraDataInterfaceStaticMesh /Engine/Transient.NiagaraComponent_0:NiagaraDataInterfaceStaticMesh_0, Mesh: StaticMesh /Game/LogoNiagara/XLogoMesh.XLogoMesh
[2020.11.08-08.12.48:253][532]LogNiagara: StaticMesh data interface using a mesh that does not allow CPU access. Interface: NiagaraDataInterfaceStaticMesh /Engine/Transient.NiagaraComponent_0:NiagaraDataInterfaceStaticMesh_0, Mesh: StaticMesh /Game/LogoNiagara/XLogoMesh.XLogoMesh
[2020.11.08-08.12.50:930][615]LogNiagara: StaticMesh data interface using a mesh that does not allow CPU access. Interface: NiagaraDataInterfaceStaticMesh /Engine/Transient.NiagaraComponent_0:NiagaraDataInterfaceStaticMesh_0, Mesh: StaticMesh /Game/LogoNiagara/XLogoMesh.XLogoMesh
[2020.11.08-08.12.50:931][615]LogNiagara: StaticMesh data interface using a mesh that does not allow CPU access. Interface: NiagaraDataInterfaceStaticMesh /Engine/Transient.NiagaraComponent_0:NiagaraDataInterfaceStaticMesh_0, Mesh: StaticMesh /Game/LogoNiagara/XLogoMesh.XLogoMesh
[2020.11.08-08.12.59:114][881]Cmd: OBJ SAVEPACKAGE PACKAGE="/Game/LogoNiagara/XLogoNia" FILE="../../../../Unreal Project/CreateLogo/Content/LogoNiagara/XLogoNia.uasset" SILENT=true
[2020.11.08-08.12.59:304][881]LogSavePackage: Moving '../../../../Unreal Project/CreateLogo/Saved/XLogoNia059A6AC447DF6194254E4385628FB089.tmp' to '../../../../Unreal Project/CreateLogo/Content/LogoNiagara/XLogoNia.uasset'
[2020.11.08-08.12.59:328][881]AssetCheck: New page: Asset Save: XLogoNia
[2020.11.08-08.12.59:328][881]LogContentValidation: Display: Validating NiagaraSystem /Game/LogoNiagara/XLogoNia.XLogoNia
[2020.11.08-08.13.06:292][ 91]LogEditorViewport: Clicking on Actor (LMB): StaticMeshActor (XLogoMesh)
[2020.11.08-08.13.22:014][760]LogSlate: Took 0.031661 seconds to synchronously load lazily loaded font '../../../Engine/Content/Slate/Fonts/Roboto-Italic.ttf' (157K)
[2020.11.08-08.17.05:481][133]LogAssetEditorSubsystem: Opening Asset editor for LevelSequence /Game/LogoNiagara/XLogo.XLogo
[2020.11.08-08.18.21:348][339]LogOutputDevice: Warning: 

Script Stack (0 frames):

[2020.11.08-08.18.21:348][339]LogWindows: Windows GetLastError: The operation completed successfully. (0)
[2020.11.08-08.18.38:236][339]LogWindows: Error: === Critical error: ===
[2020.11.08-08.18.38:236][339]LogWindows: Error: 
[2020.11.08-08.18.38:236][339]LogWindows: Error: Fatal error: [File:D:/Build/++UE4+Licensee/Sync/Engine/Source/Runtime/CoreUObject/Private/Templates/Casts.cpp] [Line: 10] 
[2020.11.08-08.18.38:236][339]LogWindows: Error: Cast of nullptr to NiagaraComponent failed
[2020.11.08-08.18.38:236][339]LogWindows: Error: 
[2020.11.08-08.18.38:236][339]LogWindows: Error: 
[2020.11.08-08.18.38:236][339]LogWindows: Error: [Callstack] 0x00007ffd6d443b29 KERNELBASE.dll!UnknownFunction []
[2020.11.08-08.18.38:236][339]LogWindows: Error: [Callstack] 0x00007ffd2ff8e9e6 UE4Editor-Core.dll!UnknownFunction []
[2020.11.08-08.18.38:236][339]LogWindows: Error: [Callstack] 0x00007ffd2ff91dc8 UE4Editor-Core.dll!UnknownFunction []
[2020.11.08-08.18.38:236][339]LogWindows: Error: [Callstack] 0x00007ffd2fd1e53d UE4Editor-Core.dll!UnknownFunction []
[2020.11.08-08.18.38:236][339]LogWindows: Error: [Callstack] 0x00007ffd32b4935a UE4Editor-CoreUObject.dll!UnknownFunction []
[2020.11.08-08.18.38:236][339]LogWindows: Error: [Callstack] 0x00007ffd08fde2a4 UE4Editor-Niagara.dll!UnknownFunction []
[2020.11.08-08.18.38:236][339]LogWindows: Error: [Callstack] 0x00007ffd0907273c UE4Editor-Niagara.dll!UnknownFunction []
[2020.11.08-08.18.38:236][339]LogWindows: Error: [Callstack] 0x00007ffd1bf3bda6 UE4Editor-MovieScene.dll!UnknownFunction []
[2020.11.08-08.18.38:236][339]LogWindows: Error: [Callstack] 0x00007ffd090c9c61 UE4Editor-Niagara.dll!UnknownFunction []
[2020.11.08-08.18.38:236][339]LogWindows: Error: [Callstack] 0x00007ffd09084996 UE4Editor-Niagara.dll!UnknownFunction []
[2020.11.08-08.18.38:236][339]LogWindows: Error: [Callstack] 0x00007ffd1befe494 UE4Editor-MovieScene.dll!UnknownFunction []
[2020.11.08-08.18.38:236][339]LogWindows: Error: [Callstack] 0x00007ffd1bf1cac5 UE4Editor-MovieScene.dll!UnknownFunction []
[2020.11.08-08.18.38:236][339]LogWindows: Error: [Callstack] 0x00007ffd1bf1a1aa UE4Editor-MovieScene.dll!UnknownFunction []
[2020.11.08-08.18.38:236][339]LogWindows: Error: [Callstack] 0x00007ffd18922274 UE4Editor-Sequencer.dll!UnknownFunction []
[2020.11.08-08.18.38:236][339]LogWindows: Error: [Callstack] 0x00007ffd189a22ee UE4Editor-Sequencer.dll!UnknownFunction []
[2020.11.08-08.18.38:236][339]LogWindows: Error: [Callstack] 0x00007ffd2a4f0689 UE4Editor-UnrealEd.dll!UnknownFunction []
[2020.11.08-08.18.38:236][339]LogWindows: Error: [Callstack] 0x00007ffd2a8ca14e UE4Editor-UnrealEd.dll!UnknownFunction []
[2020.11.08-08.18.38:236][339]LogWindows: Error: [Callstack] 0x00007ffd2b1a1d06 UE4Editor-UnrealEd.dll!UnknownFunction []
[2020.11.08-08.18.38:236][339]LogWindows: Error: [Callstack] 0x00007ff66ac57800 UE4Editor.exe!UnknownFunction []
[2020.11.08-08.18.38:236][339]LogWindows: Error: [Callstack] 0x00007ff66ac6ba7c UE4Editor.exe!UnknownFunction []
[2020.11.08-08.18.38:236][339]LogWindows: Error: [Callstack] 0x00007ff66ac6bb5a UE4Editor.exe!UnknownFunction []
[2020.11.08-08.18.38:236][339]LogWindows: Error: [Callstack] 0x00007ff66ac7e31d UE4Editor.exe!UnknownFunction []
[2020.11.08-08.18.38:236][339]LogWindows: Error: [Callstack] 0x00007ff66ac8145a UE4Editor.exe!UnknownFunction []
[2020.11.08-08.18.38:236][339]LogWindows: Error: [Callstack] 0x00007ffd6ed27c24 KERNEL32.DLL!UnknownFunction []
[2020.11.08-08.18.38:236][339]LogWindows: Error: [Callstack] 0x00007ffd6fb6cea1 ntdll.dll!UnknownFunction []
[2020.11.08-08.18.38:236][339]LogWindows: Error: 
[2020.11.08-08.18.38:464][339]LogExit: Executing StaticShutdownAfterError
[2020.11.08-08.18.38:569][339]LogWindows: FPlatformMisc::RequestExit(1)
[2020.11.08-08.18.38:569][339]LogCore: Engine exit requested (reason: Win RequestExit)
[2020.11.08-08.18.38:738][339]Log file closed, 11/08/20 15:18:38
