Log file open, 11/08/20 06:37:04
LogInit: Display: Running engine for game: CreateLogo
LogPlatformFile: Not using cached read wrapper
LogTaskGraph: Started task graph with 5 named threads and 11 total threads with 3 sets of task threads.
LogStats: Stats thread started at 12.005948
LogD3D11RHI: Loaded GFSDK_Aftermath_Lib.x64.dll
LogICUInternationalization: ICU TimeZone Detection - Raw Offset: +7:00, Platform Override: ''
LogPluginManager: Mounting plugin Paper2D
LogPluginManager: Mounting plugin AISupport
LogPluginManager: Mounting plugin LightPropagationVolume
LogPluginManager: Mounting plugin CameraShakePreviewer
LogPluginManager: Mounting plugin ActorLayerUtilities
LogPluginManager: Mounting plugin AnimationSharing
LogPluginManager: Mounting plugin CLionSourceCodeAccess
LogPluginManager: Mounting plugin CodeLiteSourceCodeAccess
LogPluginManager: Mounting plugin GitSourceControl
LogPluginManager: Mounting plugin KDevelopSourceCodeAccess
LogPluginManager: Mounting plugin NullSourceCodeAccess
LogPluginManager: Mounting plugin PerforceSourceControl
LogPluginManager: Mounting plugin PlasticSourceControl
LogPluginManager: Mounting plugin RiderSourceCodeAccess
LogPluginManager: Mounting plugin SubversionSourceControl
LogPluginManager: Mounting plugin UObjectPlugin
LogPluginManager: Mounting plugin VisualStudioCodeSourceCodeAccess
LogPluginManager: Mounting plugin VisualStudioSourceCodeAccess
LogPluginManager: Mounting plugin XCodeSourceCodeAccess
LogPluginManager: Mounting plugin AssetManagerEditor
LogPluginManager: Mounting plugin CryptoKeys
LogPluginManager: Mounting plugin CurveEditorTools
LogPluginManager: Mounting plugin DataValidation
LogPluginManager: Mounting plugin EditorScriptingUtilities
LogPluginManager: Mounting plugin FacialAnimation
LogPluginManager: Mounting plugin GameplayTagsEditor
LogPluginManager: Mounting plugin GeometryMode
LogPluginManager: Mounting plugin MacGraphicsSwitching
LogPluginManager: Mounting plugin MaterialAnalyzer
LogPluginManager: Mounting plugin MobileLauncherProfileWizard
LogPluginManager: Mounting plugin PluginBrowser
LogPluginManager: Mounting plugin SpeedTreeImporter
LogPluginManager: Mounting plugin DatasmithContent
LogPluginManager: Mounting plugin VariantManagerContent
LogPluginManager: Mounting plugin AlembicImporter
LogPluginManager: Mounting plugin AutomationUtils
LogPluginManager: Mounting plugin BackChannel
LogPluginManager: Mounting plugin ChaosCloth
LogPluginManager: Mounting plugin ChaosClothEditor
LogPluginManager: Mounting plugin ChaosEditor
LogPluginManager: Mounting plugin ChaosNiagara
LogPluginManager: Mounting plugin ChaosSolverPlugin
LogPluginManager: Mounting plugin CharacterAI
LogPluginManager: Mounting plugin GeometryCache
LogPluginManager: Mounting plugin GeometryCollectionPlugin
LogPluginManager: Mounting plugin GeometryProcessing
LogPluginManager: Mounting plugin PlanarCut
LogPluginManager: Mounting plugin PlatformCrypto
LogPluginManager: Mounting plugin ProxyLODPlugin
LogPluginManager: Mounting plugin SkeletalReduction
LogPluginManager: Mounting plugin Niagara
LogPluginManager: Mounting plugin MagicLeap
LogPluginManager: Mounting plugin MagicLeapLightEstimation
LogPluginManager: Mounting plugin MagicLeapMedia
LogPluginManager: Mounting plugin MagicLeapPassableWorld
LogPluginManager: Mounting plugin MLSDK
LogPluginManager: Mounting plugin ParticleText
LogPluginManager: Mounting plugin AndroidMedia
LogPluginManager: Mounting plugin AvfMedia
LogPluginManager: Mounting plugin ImgMedia
LogPluginManager: Mounting plugin MediaCompositing
LogPluginManager: Mounting plugin MediaPlayerEditor
LogPluginManager: Mounting plugin WebMMedia
LogPluginManager: Mounting plugin WmfMedia
LogPluginManager: Mounting plugin MeshPainting
LogPluginManager: Mounting plugin TcpMessaging
LogPluginManager: Mounting plugin UdpMessaging
LogPluginManager: Mounting plugin ActorSequence
LogPluginManager: Mounting plugin LevelSequenceEditor
LogPluginManager: Mounting plugin MatineeToLevelSequence
LogPluginManager: Mounting plugin MovieRenderPipeline
LogPluginManager: Mounting plugin TemplateSequence
LogPluginManager: Mounting plugin NetcodeUnitTest
LogPluginManager: Mounting plugin NUTUnrealEngine4
LogPluginManager: Mounting plugin OnlineSubsystemGooglePlay
LogPluginManager: Mounting plugin OnlineSubsystemIOS
LogPluginManager: Mounting plugin OnlineSubsystem
LogPluginManager: Mounting plugin OnlineSubsystemNull
LogPluginManager: Mounting plugin OnlineSubsystemUtils
LogPluginManager: Mounting plugin LauncherChunkInstaller
LogPluginManager: Mounting plugin AndroidDeviceProfileSelector
LogPluginManager: Mounting plugin AndroidMoviePlayer
LogPluginManager: Mounting plugin AndroidPermission
LogPluginManager: Mounting plugin AppleImageUtils
LogPluginManager: Mounting plugin AppleMoviePlayer
LogPluginManager: Mounting plugin ArchVisCharacter
LogPluginManager: Mounting plugin AssetTags
LogPluginManager: Mounting plugin AudioCapture
LogPluginManager: Mounting plugin CableComponent
LogPluginManager: Mounting plugin CustomMeshComponent
LogPluginManager: Mounting plugin EditableMesh
LogPluginManager: Mounting plugin ExampleDeviceProfileSelector
LogPluginManager: Mounting plugin GoogleCloudMessaging
LogPluginManager: Mounting plugin GooglePAD
LogPluginManager: Mounting plugin IOSDeviceProfileSelector
LogPluginManager: Mounting plugin LinuxDeviceProfileSelector
LogPluginManager: Mounting plugin LocationServicesBPLibrary
LogPluginManager: Mounting plugin MobilePatchingUtils
LogPluginManager: Mounting plugin OculusVR
LogPluginManager: Mounting plugin PhysXVehicles
LogPluginManager: Mounting plugin PostSplashScreen
LogPluginManager: Mounting plugin ProceduralMeshComponent
LogPluginManager: Mounting plugin RuntimePhysXCooking
LogPluginManager: Mounting plugin SignificanceManager
LogPluginManager: Mounting plugin SoundFields
LogPluginManager: Mounting plugin SteamVR
LogPluginManager: Mounting plugin Synthesis
LogPluginManager: Mounting plugin WebMMoviePlayer
LogPluginManager: Mounting plugin WindowsMoviePlayer
LogPluginManager: Mounting plugin ScreenshotTools
LogInit: Using libcurl 7.55.1-DEV
LogInit:  - built for x86_64-pc-win32
LogInit:  - supports SSL with OpenSSL/1.1.1
LogInit:  - supports HTTP deflate (compression) using libz 1.2.8
LogInit:  - other features:
LogInit:      CURL_VERSION_SSL
LogInit:      CURL_VERSION_LIBZ
LogInit:      CURL_VERSION_IPV6
LogInit:      CURL_VERSION_ASYNCHDNS
LogInit:      CURL_VERSION_LARGEFILE
LogInit:      CURL_VERSION_IDN
LogInit:  CurlRequestOptions (configurable via config and command line):
LogInit:  - bVerifyPeer = true  - Libcurl will verify peer certificate
LogInit:  - bUseHttpProxy = false  - Libcurl will NOT use HTTP proxy
LogInit:  - bDontReuseConnections = false  - Libcurl will reuse connections
LogInit:  - MaxHostConnections = 16  - Libcurl will limit the number of connections to a host
LogInit:  - LocalHostAddr = Default
LogInit:  - BufferSize = 65536
LogOnline: OSS: Creating online subsystem instance for: NULL
LogInit: WinSock: version 1.1 (2.2), MaxSocks=32767, MaxUdp=65467
LogOnline: OSS: TryLoadSubsystemAndSetDefault: Loaded subsystem for module [NULL]
LogInit: Build: ++UE4+Release-4.25-CL-13942748
LogInit: Engine Version: 4.25.3-13942748+++UE4+Release-4.25
LogInit: Compatible Engine Version: 4.25.0-13144385+++UE4+Release-4.25
LogInit: Net CL: 13144385
LogInit: OS: Windows 10 (Release 1909) (), CPU:         Intel(R) Core(TM) i3-2120 CPU @ 3.30GHz, GPU: NVIDIA GeForce GT 730
LogInit: Compiled (64-bit): Jul 25 2020 02:07:48
LogInit: Compiled with Visual C++: 19.24.28315.00
LogInit: Build Configuration: Development
LogInit: Branch Name: ++UE4+Release-4.25
LogInit: Command Line: 
LogInit: Base Directory: D:/Epic Games/Unreal Engine 4/UE_4.25/Engine/Binaries/Win64/
LogInit: Allocator: TBB
LogInit: Installed Engine Build: 1
LogDevObjectVersion: Number of dev versions registered: 26
LogDevObjectVersion:   Dev-Blueprints (B0D832E4-1F89-4F0D-ACCF-7EB736FD4AA2): 10
LogDevObjectVersion:   Dev-Build (E1C64328-A22C-4D53-A36C-8E866417BD8C): 0
LogDevObjectVersion:   Dev-Core (375EC13C-06E4-48FB-B500-84F0262A717E): 4
LogDevObjectVersion:   Dev-Editor (E4B068ED-F494-42E9-A231-DA0B2E46BB41): 38
LogDevObjectVersion:   Dev-Framework (CFFC743F-43B0-4480-9391-14DF171D2073): 37
LogDevObjectVersion:   Dev-Mobile (B02B49B5-BB20-44E9-A304-32B752E40360): 2
LogDevObjectVersion:   Dev-Networking (A4E4105C-59A1-49B5-A7C5-40C4547EDFEE): 0
LogDevObjectVersion:   Dev-Online (39C831C9-5AE6-47DC-9A44-9C173E1C8E7C): 0
LogDevObjectVersion:   Dev-Physics (78F01B33-EBEA-4F98-B9B4-84EACCB95AA2): 4
LogDevObjectVersion:   Dev-Platform (6631380F-2D4D-43E0-8009-CF276956A95A): 0
LogDevObjectVersion:   Dev-Rendering (12F88B9F-8875-4AFC-A67C-D90C383ABD29): 43
LogDevObjectVersion:   Dev-Sequencer (7B5AE74C-D270-4C10-A958-57980B212A5A): 12
LogDevObjectVersion:   Dev-VR (D7296918-1DD6-4BDD-9DE2-64A83CC13884): 3
LogDevObjectVersion:   Dev-LoadTimes (C2A15278-BFE7-4AFE-6C17-90FF531DF755): 1
LogDevObjectVersion:   Private-Geometry (6EACA3D4-40EC-4CC1-B786-8BED09428FC5): 3
LogDevObjectVersion:   Dev-AnimPhys (29E575DD-E0A3-4627-9D10-D276232CDCEA): 17
LogDevObjectVersion:   Dev-Anim (AF43A65D-7FD3-4947-9873-3E8ED9C1BB05): 7
LogDevObjectVersion:   Dev-ReflectionCapture (6B266CEC-1EC7-4B8F-A30B-E4D90942FC07): 1
LogDevObjectVersion:   Dev-Automation (0DF73D61-A23F-47EA-B727-89E90C41499A): 1
LogDevObjectVersion:   FortniteMain (601D1886-AC64-4F84-AA16-D3DE0DEAC7D6): 31
LogDevObjectVersion:   Dev-Enterprise (9DFFBCD6-494F-0158-E221-12823C92A888): 10
LogDevObjectVersion:   Dev-Niagara (F2AED0AC-9AFE-416F-8664-AA7FFA26D6FC): 1
LogDevObjectVersion:   Dev-Destruction (174F1F0B-B4C6-45A5-B13F-2EE8D0FB917D): 10
LogDevObjectVersion:   Dev-Physics-Ext (35F94A83-E258-406C-A318-09F59610247C): 37
LogDevObjectVersion:   Dev-PhysicsMaterial-Chaos (B68FC16E-8B1B-42E2-B453-215C058844FE): 1
LogDevObjectVersion:   Dev-CineCamera (B2E18506-4273-CFC2-A54E-F4BB758BBA07): 1
LogInit: Presizing for max 25165824 objects, including 0 objects not considered by GC, pre-allocating 0 bytes for permanent pool.
LogConfig: Applying CVar settings from Section [/Script/Engine.StreamingSettings] File [D:/Epic Games/Unreal Engine 4/Unreal Project/CreateLogo/Saved/Config/Windows/Engine.ini]
LogConfig: Setting CVar [[s.MinBulkDataSizeForAsyncLoading:131072]]
LogConfig: Setting CVar [[s.AsyncLoadingThreadEnabled:0]]
LogConfig: Setting CVar [[s.EventDrivenLoaderEnabled:1]]
LogConfig: Setting CVar [[s.WarnIfTimeLimitExceeded:0]]
LogConfig: Setting CVar [[s.TimeLimitExceededMultiplier:1.5]]
LogConfig: Setting CVar [[s.TimeLimitExceededMinTime:0.005]]
LogConfig: Setting CVar [[s.UseBackgroundLevelStreaming:1]]
LogConfig: Setting CVar [[s.PriorityAsyncLoadingExtraTime:15.0]]
LogConfig: Setting CVar [[s.LevelStreamingActorsUpdateTimeLimit:5.0]]
LogConfig: Setting CVar [[s.PriorityLevelStreamingActorsUpdateExtraTime:5.0]]
LogConfig: Setting CVar [[s.LevelStreamingComponentsRegistrationGranularity:10]]
LogConfig: Setting CVar [[s.UnregisterComponentsTimeLimit:1.0]]
LogConfig: Setting CVar [[s.LevelStreamingComponentsUnregistrationGranularity:5]]
LogConfig: Setting CVar [[s.FlushStreamingOnExit:1]]
LogInit: Object subsystem initialized
LogConfig: Setting CVar [[con.DebugEarlyDefault:1]]
LogConfig: Setting CVar [[r.setres:1280x720]]
[2020.11.07-23.37.07:587][  0]LogConfig: Setting CVar [[r.VSync:0]]
[2020.11.07-23.37.07:587][  0]LogConfig: Setting CVar [[r.RHICmdBypass:0]]
[2020.11.07-23.37.07:589][  0]LogConfig: Applying CVar settings from Section [/Script/Engine.RendererSettings] File [D:/Epic Games/Unreal Engine 4/Unreal Project/CreateLogo/Saved/Config/Windows/Engine.ini]
[2020.11.07-23.37.07:589][  0]LogConfig: Setting CVar [[r.GPUCrashDebugging:0]]
[2020.11.07-23.37.07:589][  0]LogConfig: Applying CVar settings from Section [/Script/Engine.RendererOverrideSettings] File [D:/Epic Games/Unreal Engine 4/Unreal Project/CreateLogo/Saved/Config/Windows/Engine.ini]
[2020.11.07-23.37.07:589][  0]LogConfig: Applying CVar settings from Section [/Script/Engine.StreamingSettings] File [D:/Epic Games/Unreal Engine 4/Unreal Project/CreateLogo/Saved/Config/Windows/Engine.ini]
[2020.11.07-23.37.07:589][  0]LogConfig: Setting CVar [[s.MinBulkDataSizeForAsyncLoading:131072]]
[2020.11.07-23.37.07:589][  0]LogConfig: Setting CVar [[s.AsyncLoadingThreadEnabled:0]]
[2020.11.07-23.37.07:589][  0]LogConfig: Setting CVar [[s.EventDrivenLoaderEnabled:1]]
[2020.11.07-23.37.07:589][  0]LogConfig: Setting CVar [[s.WarnIfTimeLimitExceeded:0]]
[2020.11.07-23.37.07:589][  0]LogConfig: Setting CVar [[s.TimeLimitExceededMultiplier:1.5]]
[2020.11.07-23.37.07:589][  0]LogConfig: Setting CVar [[s.TimeLimitExceededMinTime:0.005]]
[2020.11.07-23.37.07:589][  0]LogConfig: Setting CVar [[s.UseBackgroundLevelStreaming:1]]
[2020.11.07-23.37.07:589][  0]LogConfig: Setting CVar [[s.PriorityAsyncLoadingExtraTime:15.0]]
[2020.11.07-23.37.07:589][  0]LogConfig: Setting CVar [[s.LevelStreamingActorsUpdateTimeLimit:5.0]]
[2020.11.07-23.37.07:589][  0]LogConfig: Setting CVar [[s.PriorityLevelStreamingActorsUpdateExtraTime:5.0]]
[2020.11.07-23.37.07:589][  0]LogConfig: Setting CVar [[s.LevelStreamingComponentsRegistrationGranularity:10]]
[2020.11.07-23.37.07:589][  0]LogConfig: Setting CVar [[s.UnregisterComponentsTimeLimit:1.0]]
[2020.11.07-23.37.07:589][  0]LogConfig: Setting CVar [[s.LevelStreamingComponentsUnregistrationGranularity:5]]
[2020.11.07-23.37.07:589][  0]LogConfig: Setting CVar [[s.FlushStreamingOnExit:1]]
[2020.11.07-23.37.07:589][  0]LogConfig: Applying CVar settings from Section [/Script/Engine.GarbageCollectionSettings] File [D:/Epic Games/Unreal Engine 4/Unreal Project/CreateLogo/Saved/Config/Windows/Engine.ini]
[2020.11.07-23.37.07:589][  0]LogConfig: Setting CVar [[gc.MaxObjectsNotConsideredByGC:1]]
[2020.11.07-23.37.07:589][  0]LogConfig: Setting CVar [[gc.SizeOfPermanentObjectPool:0]]
[2020.11.07-23.37.07:589][  0]LogConfig: Setting CVar [[gc.FlushStreamingOnGC:0]]
[2020.11.07-23.37.07:589][  0]LogConfig: Setting CVar [[gc.NumRetriesBeforeForcingGC:10]]
[2020.11.07-23.37.07:589][  0]LogConfig: Setting CVar [[gc.AllowParallelGC:1]]
[2020.11.07-23.37.07:589][  0]LogConfig: Setting CVar [[gc.TimeBetweenPurgingPendingKillObjects:61.1]]
[2020.11.07-23.37.07:589][  0]LogConfig: Setting CVar [[gc.MaxObjectsInEditor:25165824]]
[2020.11.07-23.37.07:589][  0]LogConfig: Setting CVar [[gc.IncrementalBeginDestroyEnabled:1]]
[2020.11.07-23.37.07:589][  0]LogConfig: Setting CVar [[gc.CreateGCClusters:1]]
[2020.11.07-23.37.07:589][  0]LogConfig: Setting CVar [[gc.MinGCClusterSize:5]]
[2020.11.07-23.37.07:589][  0]LogConfig: Setting CVar [[gc.ActorClusteringEnabled:0]]
[2020.11.07-23.37.07:589][  0]LogConfig: Setting CVar [[gc.BlueprintClusteringEnabled:0]]
[2020.11.07-23.37.07:589][  0]LogConfig: Setting CVar [[gc.UseDisregardForGCOnDedicatedServers:0]]
[2020.11.07-23.37.07:589][  0]LogConfig: Applying CVar settings from Section [/Script/Engine.NetworkSettings] File [D:/Epic Games/Unreal Engine 4/Unreal Project/CreateLogo/Saved/Config/Windows/Engine.ini]
[2020.11.07-23.37.07:589][  0]LogConfig: Applying CVar settings from Section [/Script/UnrealEd.CookerSettings] File [D:/Epic Games/Unreal Engine 4/Unreal Project/CreateLogo/Saved/Config/Windows/Engine.ini]
[2020.11.07-23.37.07:633][  0]LogConfig: Applying CVar settings from Section [ViewDistanceQuality@3] File [D:/Epic Games/Unreal Engine 4/Unreal Project/CreateLogo/Saved/Config/Windows/Scalability.ini]
[2020.11.07-23.37.07:633][  0]LogConfig: Setting CVar [[r.SkeletalMeshLODBias:0]]
[2020.11.07-23.37.07:633][  0]LogConfig: Setting CVar [[r.ViewDistanceScale:1.0]]
[2020.11.07-23.37.07:633][  0]LogConfig: Applying CVar settings from Section [AntiAliasingQuality@3] File [D:/Epic Games/Unreal Engine 4/Unreal Project/CreateLogo/Saved/Config/Windows/Scalability.ini]
[2020.11.07-23.37.07:633][  0]LogConfig: Setting CVar [[r.PostProcessAAQuality:4]]
[2020.11.07-23.37.07:633][  0]LogConfig: Applying CVar settings from Section [ShadowQuality@3] File [D:/Epic Games/Unreal Engine 4/Unreal Project/CreateLogo/Saved/Config/Windows/Scalability.ini]
[2020.11.07-23.37.07:633][  0]LogConfig: Setting CVar [[r.LightFunctionQuality:1]]
[2020.11.07-23.37.07:633][  0]LogConfig: Setting CVar [[r.ShadowQuality:5]]
[2020.11.07-23.37.07:633][  0]LogConfig: Setting CVar [[r.Shadow.CSM.MaxCascades:10]]
[2020.11.07-23.37.07:633][  0]LogConfig: Setting CVar [[r.Shadow.MaxResolution:2048]]
[2020.11.07-23.37.07:633][  0]LogConfig: Setting CVar [[r.Shadow.MaxCSMResolution:2048]]
[2020.11.07-23.37.07:633][  0]LogConfig: Setting CVar [[r.Shadow.RadiusThreshold:0.01]]
[2020.11.07-23.37.07:633][  0]LogConfig: Setting CVar [[r.Shadow.DistanceScale:1.0]]
[2020.11.07-23.37.07:633][  0]LogConfig: Setting CVar [[r.Shadow.CSM.TransitionScale:1.0]]
[2020.11.07-23.37.07:633][  0]LogConfig: Setting CVar [[r.Shadow.PreShadowResolutionFactor:1.0]]
[2020.11.07-23.37.07:633][  0]LogConfig: Setting CVar [[r.DistanceFieldShadowing:1]]
[2020.11.07-23.37.07:633][  0]LogConfig: Setting CVar [[r.DistanceFieldAO:1]]
[2020.11.07-23.37.07:633][  0]LogConfig: Setting CVar [[r.AOQuality:2]]
[2020.11.07-23.37.07:633][  0]LogConfig: Setting CVar [[r.VolumetricFog:1]]
[2020.11.07-23.37.07:633][  0]LogConfig: Setting CVar [[r.VolumetricFog.GridPixelSize:8]]
[2020.11.07-23.37.07:633][  0]LogConfig: Setting CVar [[r.VolumetricFog.GridSizeZ:128]]
[2020.11.07-23.37.07:633][  0]LogConfig: Setting CVar [[r.VolumetricFog.HistoryMissSupersampleCount:4]]
[2020.11.07-23.37.07:633][  0]LogConfig: Setting CVar [[r.LightMaxDrawDistanceScale:1]]
[2020.11.07-23.37.07:633][  0]LogConfig: Setting CVar [[r.CapsuleShadows:1]]
[2020.11.07-23.37.07:633][  0]LogConfig: Applying CVar settings from Section [PostProcessQuality@3] File [D:/Epic Games/Unreal Engine 4/Unreal Project/CreateLogo/Saved/Config/Windows/Scalability.ini]
[2020.11.07-23.37.07:633][  0]LogConfig: Setting CVar [[r.MotionBlurQuality:4]]
[2020.11.07-23.37.07:633][  0]LogConfig: Setting CVar [[r.AmbientOcclusionMipLevelFactor:0.4]]
[2020.11.07-23.37.07:633][  0]LogConfig: Setting CVar [[r.AmbientOcclusionMaxQuality:100]]
[2020.11.07-23.37.07:633][  0]LogConfig: Setting CVar [[r.AmbientOcclusionLevels:-1]]
[2020.11.07-23.37.07:633][  0]LogConfig: Setting CVar [[r.AmbientOcclusionRadiusScale:1.0]]
[2020.11.07-23.37.07:633][  0]LogConfig: Setting CVar [[r.DepthOfFieldQuality:2]]
[2020.11.07-23.37.07:633][  0]LogConfig: Setting CVar [[r.RenderTargetPoolMin:400]]
[2020.11.07-23.37.07:633][  0]LogConfig: Setting CVar [[r.LensFlareQuality:2]]
[2020.11.07-23.37.07:633][  0]LogConfig: Setting CVar [[r.SceneColorFringeQuality:1]]
[2020.11.07-23.37.07:633][  0]LogConfig: Setting CVar [[r.EyeAdaptationQuality:2]]
[2020.11.07-23.37.07:633][  0]LogConfig: Setting CVar [[r.BloomQuality:5]]
[2020.11.07-23.37.07:633][  0]LogConfig: Setting CVar [[r.FastBlurThreshold:100]]
[2020.11.07-23.37.07:633][  0]LogConfig: Setting CVar [[r.Upscale.Quality:3]]
[2020.11.07-23.37.07:633][  0]LogConfig: Setting CVar [[r.Tonemapper.GrainQuantization:1]]
[2020.11.07-23.37.07:633][  0]LogConfig: Setting CVar [[r.LightShaftQuality:1]]
[2020.11.07-23.37.07:633][  0]LogConfig: Setting CVar [[r.Filter.SizeScale:1]]
[2020.11.07-23.37.07:633][  0]LogConfig: Setting CVar [[r.Tonemapper.Quality:5]]
[2020.11.07-23.37.07:633][  0]LogConfig: Setting CVar [[r.DOF.Gather.AccumulatorQuality:1        ; higher gathering accumulator quality]]
[2020.11.07-23.37.07:633][  0]LogConfig: Setting CVar [[r.DOF.Gather.PostfilterMethod:1          ; Median3x3 postfilering method]]
[2020.11.07-23.37.07:633][  0]LogConfig: Setting CVar [[r.DOF.Gather.EnableBokehSettings:0       ; no bokeh simulation when gathering]]
[2020.11.07-23.37.07:633][  0]LogConfig: Setting CVar [[r.DOF.Gather.RingCount:4                 ; medium number of samples when gathering]]
[2020.11.07-23.37.07:633][  0]LogConfig: Setting CVar [[r.DOF.Scatter.ForegroundCompositing:1    ; additive foreground scattering]]
[2020.11.07-23.37.07:633][  0]LogConfig: Setting CVar [[r.DOF.Scatter.BackgroundCompositing:2    ; additive background scattering]]
[2020.11.07-23.37.07:633][  0]LogConfig: Setting CVar [[r.DOF.Scatter.EnableBokehSettings:1      ; bokeh simulation when scattering]]
[2020.11.07-23.37.07:634][  0]LogConfig: Setting CVar [[r.DOF.Scatter.MaxSpriteRatio:0.1         ; only a maximum of 10% of scattered bokeh]]
[2020.11.07-23.37.07:634][  0]LogConfig: Setting CVar [[r.DOF.Recombine.Quality:1                ; cheap slight out of focus]]
[2020.11.07-23.37.07:634][  0]LogConfig: Setting CVar [[r.DOF.Recombine.EnableBokehSettings:0    ; no bokeh simulation on slight out of focus]]
[2020.11.07-23.37.07:634][  0]LogConfig: Setting CVar [[r.DOF.TemporalAAQuality:1                ; more stable temporal accumulation]]
[2020.11.07-23.37.07:634][  0]LogConfig: Setting CVar [[r.DOF.Kernel.MaxForegroundRadius:0.025]]
[2020.11.07-23.37.07:634][  0]LogConfig: Setting CVar [[r.DOF.Kernel.MaxBackgroundRadius:0.025]]
[2020.11.07-23.37.07:634][  0]LogConfig: Applying CVar settings from Section [TextureQuality@3] File [D:/Epic Games/Unreal Engine 4/Unreal Project/CreateLogo/Saved/Config/Windows/Scalability.ini]
[2020.11.07-23.37.07:634][  0]LogConfig: Setting CVar [[r.Streaming.MipBias:0]]
[2020.11.07-23.37.07:634][  0]LogConfig: Setting CVar [[r.Streaming.AmortizeCPUToGPUCopy:0]]
[2020.11.07-23.37.07:634][  0]LogConfig: Setting CVar [[r.Streaming.MaxNumTexturesToStreamPerFrame:0]]
[2020.11.07-23.37.07:634][  0]LogConfig: Setting CVar [[r.Streaming.Boost:1]]
[2020.11.07-23.37.07:634][  0]LogConfig: Setting CVar [[r.MaxAnisotropy:8]]
[2020.11.07-23.37.07:634][  0]LogConfig: Setting CVar [[r.VT.MaxAnisotropy:8]]
[2020.11.07-23.37.07:634][  0]LogConfig: Setting CVar [[r.Streaming.LimitPoolSizeToVRAM:0]]
[2020.11.07-23.37.07:634][  0]LogConfig: Setting CVar [[r.Streaming.PoolSize:1000]]
[2020.11.07-23.37.07:634][  0]LogConfig: Setting CVar [[r.Streaming.MaxEffectiveScreenSize:0]]
[2020.11.07-23.37.07:634][  0]LogConfig: Applying CVar settings from Section [EffectsQuality@3] File [D:/Epic Games/Unreal Engine 4/Unreal Project/CreateLogo/Saved/Config/Windows/Scalability.ini]
[2020.11.07-23.37.07:634][  0]LogConfig: Setting CVar [[r.TranslucencyLightingVolumeDim:64]]
[2020.11.07-23.37.07:634][  0]LogConfig: Setting CVar [[r.RefractionQuality:2]]
[2020.11.07-23.37.07:634][  0]LogConfig: Setting CVar [[r.SSR.Quality:3]]
[2020.11.07-23.37.07:634][  0]LogConfig: Setting CVar [[r.SSR.HalfResSceneColor:0]]
[2020.11.07-23.37.07:634][  0]LogConfig: Setting CVar [[r.SceneColorFormat:4]]
[2020.11.07-23.37.07:634][  0]LogConfig: Setting CVar [[r.DetailMode:2]]
[2020.11.07-23.37.07:634][  0]LogConfig: Setting CVar [[r.TranslucencyVolumeBlur:1]]
[2020.11.07-23.37.07:634][  0]LogConfig: Setting CVar [[r.MaterialQualityLevel:1 ; High quality]]
[2020.11.07-23.37.07:634][  0]LogConfig: Setting CVar [[r.SSS.Scale:1]]
[2020.11.07-23.37.07:634][  0]LogConfig: Setting CVar [[r.SSS.SampleSet:2]]
[2020.11.07-23.37.07:634][  0]LogConfig: Setting CVar [[r.SSS.Quality:1]]
[2020.11.07-23.37.07:634][  0]LogConfig: Setting CVar [[r.SSS.HalfRes:0]]
[2020.11.07-23.37.07:634][  0]LogConfig: Setting CVar [[r.SSGI.Quality:3]]
[2020.11.07-23.37.07:634][  0]LogConfig: Setting CVar [[r.EmitterSpawnRateScale:1.0]]
[2020.11.07-23.37.07:634][  0]LogConfig: Setting CVar [[r.ParticleLightQuality:2]]
[2020.11.07-23.37.07:634][  0]LogConfig: Setting CVar [[r.SkyAtmosphere.AerialPerspectiveLUT.FastApplyOnOpaque:1 ; Always have FastSkyLUT 1 in this case to avoid wrong sky]]
[2020.11.07-23.37.07:634][  0]LogConfig: Setting CVar [[r.SkyAtmosphere.AerialPerspectiveLUT.SampleCountPerSlice:1]]
[2020.11.07-23.37.07:634][  0]LogConfig: Setting CVar [[r.SkyAtmosphere.AerialPerspectiveLUT.DepthResolution:16.0]]
[2020.11.07-23.37.07:634][  0]LogConfig: Setting CVar [[r.SkyAtmosphere.FastSkyLUT:1]]
[2020.11.07-23.37.07:634][  0]LogConfig: Setting CVar [[r.SkyAtmosphere.FastSkyLUT.SampleCountMin:4.0]]
[2020.11.07-23.37.07:634][  0]LogConfig: Setting CVar [[r.SkyAtmosphere.FastSkyLUT.SampleCountMax:32.0]]
[2020.11.07-23.37.07:635][  0]LogConfig: Setting CVar [[r.SkyAtmosphere.SampleCountMin:4.0]]
[2020.11.07-23.37.07:635][  0]LogConfig: Setting CVar [[r.SkyAtmosphere.SampleCountMax:32.0]]
[2020.11.07-23.37.07:635][  0]LogConfig: Setting CVar [[r.SkyAtmosphere.TransmittanceLUT.UseSmallFormat:0]]
[2020.11.07-23.37.07:635][  0]LogConfig: Setting CVar [[r.SkyAtmosphere.TransmittanceLUT.SampleCount:10.0]]
[2020.11.07-23.37.07:635][  0]LogConfig: Setting CVar [[r.SkyAtmosphere.MultiScatteringLUT.SampleCount:15.0]]
[2020.11.07-23.37.07:635][  0]LogConfig: Applying CVar settings from Section [FoliageQuality@3] File [D:/Epic Games/Unreal Engine 4/Unreal Project/CreateLogo/Saved/Config/Windows/Scalability.ini]
[2020.11.07-23.37.07:635][  0]LogConfig: Setting CVar [[foliage.DensityScale:1.0]]
[2020.11.07-23.37.07:635][  0]LogConfig: Setting CVar [[grass.DensityScale:1.0]]
[2020.11.07-23.37.07:635][  0]LogConfig: Applying CVar settings from Section [ShadingQuality@3] File [D:/Epic Games/Unreal Engine 4/Unreal Project/CreateLogo/Saved/Config/Windows/Scalability.ini]
[2020.11.07-23.37.07:635][  0]LogConfig: Setting CVar [[r.HairStrands.SkyLighting.SampleCount:16]]
[2020.11.07-23.37.07:635][  0]LogConfig: Setting CVar [[r.HairStrands.SkyLighting.JitterIntegration:0]]
[2020.11.07-23.37.07:635][  0]LogConfig: Setting CVar [[r.HairStrands.SkyAO.SampleCount:16]]
[2020.11.07-23.37.07:635][  0]LogConfig: Setting CVar [[r.HairStrands.DeepShadow.SuperSampling:0]]
[2020.11.07-23.37.07:635][  0]LogConfig: Setting CVar [[r.HairStrands.VisibilityPPLL:0]]
[2020.11.07-23.37.07:635][  0]LogConfig: Setting CVar [[r.HairStrands.RasterizationScale:0.5]]
[2020.11.07-23.37.07:635][  0]LogConfig: Setting CVar [[r.HairStrands.VelocityRasterizationScale:1]]
[2020.11.07-23.37.07:642][  0]LogInit: Selected Device Profile: [Windows]
[2020.11.07-23.37.07:642][  0]LogInit: Applying CVar settings loaded from the selected device profile: [Windows]
[2020.11.07-23.37.07:657][  0]LogHAL: Display: Platform has ~ 8 GB [8554156032 / 8589934592 / 8], which maps to Default [LargestMinGB=32, LargerMinGB=12, DefaultMinGB=8, SmallerMinGB=6, SmallestMinGB=0)
[2020.11.07-23.37.07:667][  0]LogInit: Going up to parent DeviceProfile []
[2020.11.07-23.37.07:667][  0]LogConfig: Applying CVar settings from Section [ViewDistanceQuality@3] File [D:/Epic Games/Unreal Engine 4/Unreal Project/CreateLogo/Saved/Config/Windows/Scalability.ini]
[2020.11.07-23.37.07:667][  0]LogConfig: Setting CVar [[r.SkeletalMeshLODBias:0]]
[2020.11.07-23.37.07:667][  0]LogConfig: Setting CVar [[r.ViewDistanceScale:1.0]]
[2020.11.07-23.37.07:667][  0]LogConfig: Applying CVar settings from Section [AntiAliasingQuality@3] File [D:/Epic Games/Unreal Engine 4/Unreal Project/CreateLogo/Saved/Config/Windows/Scalability.ini]
[2020.11.07-23.37.07:667][  0]LogConfig: Setting CVar [[r.PostProcessAAQuality:4]]
[2020.11.07-23.37.07:667][  0]LogConfig: Applying CVar settings from Section [ShadowQuality@3] File [D:/Epic Games/Unreal Engine 4/Unreal Project/CreateLogo/Saved/Config/Windows/Scalability.ini]
[2020.11.07-23.37.07:667][  0]LogConfig: Setting CVar [[r.LightFunctionQuality:1]]
[2020.11.07-23.37.07:667][  0]LogConfig: Setting CVar [[r.ShadowQuality:5]]
[2020.11.07-23.37.07:667][  0]LogConfig: Setting CVar [[r.Shadow.CSM.MaxCascades:10]]
[2020.11.07-23.37.07:667][  0]LogConfig: Setting CVar [[r.Shadow.MaxResolution:2048]]
[2020.11.07-23.37.07:667][  0]LogConfig: Setting CVar [[r.Shadow.MaxCSMResolution:2048]]
[2020.11.07-23.37.07:667][  0]LogConfig: Setting CVar [[r.Shadow.RadiusThreshold:0.01]]
[2020.11.07-23.37.07:667][  0]LogConfig: Setting CVar [[r.Shadow.DistanceScale:1.0]]
[2020.11.07-23.37.07:667][  0]LogConfig: Setting CVar [[r.Shadow.CSM.TransitionScale:1.0]]
[2020.11.07-23.37.07:667][  0]LogConfig: Setting CVar [[r.Shadow.PreShadowResolutionFactor:1.0]]
[2020.11.07-23.37.07:667][  0]LogConfig: Setting CVar [[r.DistanceFieldShadowing:1]]
[2020.11.07-23.37.07:667][  0]LogConfig: Setting CVar [[r.DistanceFieldAO:1]]
[2020.11.07-23.37.07:667][  0]LogConfig: Setting CVar [[r.AOQuality:2]]
[2020.11.07-23.37.07:667][  0]LogConfig: Setting CVar [[r.VolumetricFog:1]]
[2020.11.07-23.37.07:667][  0]LogConfig: Setting CVar [[r.VolumetricFog.GridPixelSize:8]]
[2020.11.07-23.37.07:667][  0]LogConfig: Setting CVar [[r.VolumetricFog.GridSizeZ:128]]
[2020.11.07-23.37.07:667][  0]LogConfig: Setting CVar [[r.VolumetricFog.HistoryMissSupersampleCount:4]]
[2020.11.07-23.37.07:667][  0]LogConfig: Setting CVar [[r.LightMaxDrawDistanceScale:1]]
[2020.11.07-23.37.07:667][  0]LogConfig: Setting CVar [[r.CapsuleShadows:1]]
[2020.11.07-23.37.07:667][  0]LogConfig: Applying CVar settings from Section [PostProcessQuality@3] File [D:/Epic Games/Unreal Engine 4/Unreal Project/CreateLogo/Saved/Config/Windows/Scalability.ini]
[2020.11.07-23.37.07:667][  0]LogConfig: Setting CVar [[r.MotionBlurQuality:4]]
[2020.11.07-23.37.07:667][  0]LogConfig: Setting CVar [[r.AmbientOcclusionMipLevelFactor:0.4]]
[2020.11.07-23.37.07:667][  0]LogConfig: Setting CVar [[r.AmbientOcclusionMaxQuality:100]]
[2020.11.07-23.37.07:667][  0]LogConfig: Setting CVar [[r.AmbientOcclusionLevels:-1]]
[2020.11.07-23.37.07:667][  0]LogConfig: Setting CVar [[r.AmbientOcclusionRadiusScale:1.0]]
[2020.11.07-23.37.07:667][  0]LogConfig: Setting CVar [[r.DepthOfFieldQuality:2]]
[2020.11.07-23.37.07:667][  0]LogConfig: Setting CVar [[r.RenderTargetPoolMin:400]]
[2020.11.07-23.37.07:667][  0]LogConfig: Setting CVar [[r.LensFlareQuality:2]]
[2020.11.07-23.37.07:667][  0]LogConfig: Setting CVar [[r.SceneColorFringeQuality:1]]
[2020.11.07-23.37.07:668][  0]LogConfig: Setting CVar [[r.EyeAdaptationQuality:2]]
[2020.11.07-23.37.07:668][  0]LogConfig: Setting CVar [[r.BloomQuality:5]]
[2020.11.07-23.37.07:668][  0]LogConfig: Setting CVar [[r.FastBlurThreshold:100]]
[2020.11.07-23.37.07:668][  0]LogConfig: Setting CVar [[r.Upscale.Quality:3]]
[2020.11.07-23.37.07:668][  0]LogConfig: Setting CVar [[r.Tonemapper.GrainQuantization:1]]
[2020.11.07-23.37.07:668][  0]LogConfig: Setting CVar [[r.LightShaftQuality:1]]
[2020.11.07-23.37.07:668][  0]LogConfig: Setting CVar [[r.Filter.SizeScale:1]]
[2020.11.07-23.37.07:668][  0]LogConfig: Setting CVar [[r.Tonemapper.Quality:5]]
[2020.11.07-23.37.07:668][  0]LogConfig: Setting CVar [[r.DOF.Gather.AccumulatorQuality:1        ; higher gathering accumulator quality]]
[2020.11.07-23.37.07:668][  0]LogConfig: Setting CVar [[r.DOF.Gather.PostfilterMethod:1          ; Median3x3 postfilering method]]
[2020.11.07-23.37.07:668][  0]LogConfig: Setting CVar [[r.DOF.Gather.EnableBokehSettings:0       ; no bokeh simulation when gathering]]
[2020.11.07-23.37.07:668][  0]LogConfig: Setting CVar [[r.DOF.Gather.RingCount:4                 ; medium number of samples when gathering]]
[2020.11.07-23.37.07:668][  0]LogConfig: Setting CVar [[r.DOF.Scatter.ForegroundCompositing:1    ; additive foreground scattering]]
[2020.11.07-23.37.07:668][  0]LogConfig: Setting CVar [[r.DOF.Scatter.BackgroundCompositing:2    ; additive background scattering]]
[2020.11.07-23.37.07:668][  0]LogConfig: Setting CVar [[r.DOF.Scatter.EnableBokehSettings:1      ; bokeh simulation when scattering]]
[2020.11.07-23.37.07:668][  0]LogConfig: Setting CVar [[r.DOF.Scatter.MaxSpriteRatio:0.1         ; only a maximum of 10% of scattered bokeh]]
[2020.11.07-23.37.07:668][  0]LogConfig: Setting CVar [[r.DOF.Recombine.Quality:1                ; cheap slight out of focus]]
[2020.11.07-23.37.07:668][  0]LogConfig: Setting CVar [[r.DOF.Recombine.EnableBokehSettings:0    ; no bokeh simulation on slight out of focus]]
[2020.11.07-23.37.07:668][  0]LogConfig: Setting CVar [[r.DOF.TemporalAAQuality:1                ; more stable temporal accumulation]]
[2020.11.07-23.37.07:668][  0]LogConfig: Setting CVar [[r.DOF.Kernel.MaxForegroundRadius:0.025]]
[2020.11.07-23.37.07:668][  0]LogConfig: Setting CVar [[r.DOF.Kernel.MaxBackgroundRadius:0.025]]
[2020.11.07-23.37.07:668][  0]LogConfig: Applying CVar settings from Section [TextureQuality@3] File [D:/Epic Games/Unreal Engine 4/Unreal Project/CreateLogo/Saved/Config/Windows/Scalability.ini]
[2020.11.07-23.37.07:668][  0]LogConfig: Setting CVar [[r.Streaming.MipBias:0]]
[2020.11.07-23.37.07:668][  0]LogConfig: Setting CVar [[r.Streaming.AmortizeCPUToGPUCopy:0]]
[2020.11.07-23.37.07:668][  0]LogConfig: Setting CVar [[r.Streaming.MaxNumTexturesToStreamPerFrame:0]]
[2020.11.07-23.37.07:668][  0]LogConfig: Setting CVar [[r.Streaming.Boost:1]]
[2020.11.07-23.37.07:668][  0]LogConfig: Setting CVar [[r.MaxAnisotropy:8]]
[2020.11.07-23.37.07:668][  0]LogConfig: Setting CVar [[r.VT.MaxAnisotropy:8]]
[2020.11.07-23.37.07:668][  0]LogConfig: Setting CVar [[r.Streaming.LimitPoolSizeToVRAM:0]]
[2020.11.07-23.37.07:668][  0]LogConfig: Setting CVar [[r.Streaming.PoolSize:1000]]
[2020.11.07-23.37.07:668][  0]LogConfig: Setting CVar [[r.Streaming.MaxEffectiveScreenSize:0]]
[2020.11.07-23.37.07:668][  0]LogConfig: Applying CVar settings from Section [EffectsQuality@3] File [D:/Epic Games/Unreal Engine 4/Unreal Project/CreateLogo/Saved/Config/Windows/Scalability.ini]
[2020.11.07-23.37.07:668][  0]LogConfig: Setting CVar [[r.TranslucencyLightingVolumeDim:64]]
[2020.11.07-23.37.07:668][  0]LogConfig: Setting CVar [[r.RefractionQuality:2]]
[2020.11.07-23.37.07:668][  0]LogConfig: Setting CVar [[r.SSR.Quality:3]]
[2020.11.07-23.37.07:668][  0]LogConfig: Setting CVar [[r.SSR.HalfResSceneColor:0]]
[2020.11.07-23.37.07:668][  0]LogConfig: Setting CVar [[r.SceneColorFormat:4]]
[2020.11.07-23.37.07:668][  0]LogConfig: Setting CVar [[r.DetailMode:2]]
[2020.11.07-23.37.07:668][  0]LogConfig: Setting CVar [[r.TranslucencyVolumeBlur:1]]
[2020.11.07-23.37.07:668][  0]LogConfig: Setting CVar [[r.MaterialQualityLevel:1 ; High quality]]
[2020.11.07-23.37.07:668][  0]LogConfig: Setting CVar [[r.SSS.Scale:1]]
[2020.11.07-23.37.07:668][  0]LogConfig: Setting CVar [[r.SSS.SampleSet:2]]
[2020.11.07-23.37.07:668][  0]LogConfig: Setting CVar [[r.SSS.Quality:1]]
[2020.11.07-23.37.07:668][  0]LogConfig: Setting CVar [[r.SSS.HalfRes:0]]
[2020.11.07-23.37.07:668][  0]LogConfig: Setting CVar [[r.SSGI.Quality:3]]
[2020.11.07-23.37.07:668][  0]LogConfig: Setting CVar [[r.EmitterSpawnRateScale:1.0]]
[2020.11.07-23.37.07:668][  0]LogConfig: Setting CVar [[r.ParticleLightQuality:2]]
[2020.11.07-23.37.07:668][  0]LogConfig: Setting CVar [[r.SkyAtmosphere.AerialPerspectiveLUT.FastApplyOnOpaque:1 ; Always have FastSkyLUT 1 in this case to avoid wrong sky]]
[2020.11.07-23.37.07:668][  0]LogConfig: Setting CVar [[r.SkyAtmosphere.AerialPerspectiveLUT.SampleCountPerSlice:1]]
[2020.11.07-23.37.07:668][  0]LogConfig: Setting CVar [[r.SkyAtmosphere.AerialPerspectiveLUT.DepthResolution:16.0]]
[2020.11.07-23.37.07:668][  0]LogConfig: Setting CVar [[r.SkyAtmosphere.FastSkyLUT:1]]
[2020.11.07-23.37.07:668][  0]LogConfig: Setting CVar [[r.SkyAtmosphere.FastSkyLUT.SampleCountMin:4.0]]
[2020.11.07-23.37.07:668][  0]LogConfig: Setting CVar [[r.SkyAtmosphere.FastSkyLUT.SampleCountMax:32.0]]
[2020.11.07-23.37.07:668][  0]LogConfig: Setting CVar [[r.SkyAtmosphere.SampleCountMin:4.0]]
[2020.11.07-23.37.07:668][  0]LogConfig: Setting CVar [[r.SkyAtmosphere.SampleCountMax:32.0]]
[2020.11.07-23.37.07:669][  0]LogConfig: Setting CVar [[r.SkyAtmosphere.TransmittanceLUT.UseSmallFormat:0]]
[2020.11.07-23.37.07:669][  0]LogConfig: Setting CVar [[r.SkyAtmosphere.TransmittanceLUT.SampleCount:10.0]]
[2020.11.07-23.37.07:669][  0]LogConfig: Setting CVar [[r.SkyAtmosphere.MultiScatteringLUT.SampleCount:15.0]]
[2020.11.07-23.37.07:669][  0]LogConfig: Applying CVar settings from Section [FoliageQuality@3] File [D:/Epic Games/Unreal Engine 4/Unreal Project/CreateLogo/Saved/Config/Windows/Scalability.ini]
[2020.11.07-23.37.07:669][  0]LogConfig: Setting CVar [[foliage.DensityScale:1.0]]
[2020.11.07-23.37.07:669][  0]LogConfig: Setting CVar [[grass.DensityScale:1.0]]
[2020.11.07-23.37.07:669][  0]LogConfig: Applying CVar settings from Section [ShadingQuality@3] File [D:/Epic Games/Unreal Engine 4/Unreal Project/CreateLogo/Saved/Config/Windows/Scalability.ini]
[2020.11.07-23.37.07:669][  0]LogConfig: Setting CVar [[r.HairStrands.SkyLighting.SampleCount:16]]
[2020.11.07-23.37.07:669][  0]LogConfig: Setting CVar [[r.HairStrands.SkyLighting.JitterIntegration:0]]
[2020.11.07-23.37.07:669][  0]LogConfig: Setting CVar [[r.HairStrands.SkyAO.SampleCount:16]]
[2020.11.07-23.37.07:669][  0]LogConfig: Setting CVar [[r.HairStrands.DeepShadow.SuperSampling:0]]
[2020.11.07-23.37.07:669][  0]LogConfig: Setting CVar [[r.HairStrands.VisibilityPPLL:0]]
[2020.11.07-23.37.07:669][  0]LogConfig: Setting CVar [[r.HairStrands.RasterizationScale:0.5]]
[2020.11.07-23.37.07:669][  0]LogConfig: Setting CVar [[r.HairStrands.VelocityRasterizationScale:1]]
[2020.11.07-23.37.07:669][  0]LogConfig: Applying CVar settings from Section [Startup] File [../../../Engine/Config/ConsoleVariables.ini]
[2020.11.07-23.37.07:686][  0]LogConfig: Setting CVar [[net.UseAdaptiveNetUpdateFrequency:0]]
[2020.11.07-23.37.07:686][  0]LogConfig: Setting CVar [[p.chaos.AllowCreatePhysxBodies:1]]
[2020.11.07-23.37.07:686][  0]LogConfig: Setting CVar [[fx.SkipVectorVMBackendOptimizations:1]]
[2020.11.07-23.37.07:686][  0]LogConfig: Applying CVar settings from Section [ConsoleVariables] File [D:/Epic Games/Unreal Engine 4/Unreal Project/CreateLogo/Saved/Config/Windows/Engine.ini]
[2020.11.07-23.37.07:686][  0]LogInit: Computer: DESKTOP-0H775LD
[2020.11.07-23.37.07:686][  0]LogInit: User: xwink
[2020.11.07-23.37.07:686][  0]LogInit: CPU Page size=4096, Cores=2
[2020.11.07-23.37.07:686][  0]LogInit: High frequency timer resolution =10.000000 MHz
[2020.11.07-23.37.07:686][  0]LogMemory: Memory total: Physical=8.0GB (8GB approx)
[2020.11.07-23.37.07:686][  0]LogMemory: Platform Memory Stats for Windows
[2020.11.07-23.37.07:686][  0]LogMemory: Process Physical Memory: 117.34 MB used, 117.35 MB peak
[2020.11.07-23.37.07:686][  0]LogMemory: Process Virtual Memory: 103.30 MB used, 103.30 MB peak
[2020.11.07-23.37.07:686][  0]LogMemory: Physical Memory: 3940.02 MB used,  4217.86 MB free, 8157.88 MB total
[2020.11.07-23.37.07:686][  0]LogMemory: Virtual Memory: 5131.88 MB used,  134212592.00 MB free, 134217728.00 MB total
[2020.11.07-23.37.07:723][  0]LogWindows: WindowsPlatformFeatures enabled
[2020.11.07-23.37.08:715][  0]LogInit: Physics initialised using underlying interface: PhysX
[2020.11.07-23.37.08:745][  0]LogInit: Using OS detected language (en-US).
[2020.11.07-23.37.08:745][  0]LogInit: Using OS detected locale (en-US).
[2020.11.07-23.37.08:806][  0]LogTextLocalizationManager: No specific localization for 'en-US' exists, so the 'en' localization will be used.
[2020.11.07-23.37.09:621][  0]LogInit: Setting process to per monitor DPI aware
[2020.11.07-23.37.10:254][  0]LogSlate: New Slate User Created.  User Index 0, Is Virtual User: 0
[2020.11.07-23.37.10:254][  0]LogSlate: Slate User Registered.  User Index 0, Is Virtual User: 0
[2020.11.07-23.37.11:109][  0]LogHMD: Failed to initialize OpenVR with code 110
[2020.11.07-23.37.11:109][  0]LogD3D11RHI: D3D11 min allowed feature level: 11_0
[2020.11.07-23.37.11:109][  0]LogD3D11RHI: D3D11 max allowed feature level: 11_0
[2020.11.07-23.37.11:109][  0]LogD3D11RHI: D3D11 adapters:
[2020.11.07-23.37.11:192][  0]LogD3D11RHI:    0. 'NVIDIA GeForce GT 730' (Feature Level 11_0)
[2020.11.07-23.37.11:192][  0]LogD3D11RHI:       1989/0/4078 MB DedicatedVideo/DedicatedSystem/SharedSystem, Outputs:1, VendorId:0x10de
[2020.11.07-23.37.11:196][  0]LogD3D11RHI:    1. 'Microsoft Basic Render Driver' (Feature Level 11_0)
[2020.11.07-23.37.11:197][  0]LogD3D11RHI:       0/0/4078 MB DedicatedVideo/DedicatedSystem/SharedSystem, Outputs:0, VendorId:0x1414
[2020.11.07-23.37.11:197][  0]LogD3D11RHI: Chosen D3D11 Adapter: 0
[2020.11.07-23.37.11:243][  0]LogD3D11RHI: Creating new Direct3DDevice
[2020.11.07-23.37.11:244][  0]LogD3D11RHI:     GPU DeviceId: 0xf02 (for the marketing name, search the web for "GPU Device Id")
[2020.11.07-23.37.11:244][  0]LogWindows: EnumDisplayDevices:
[2020.11.07-23.37.11:244][  0]LogWindows:    0. 'NVIDIA GeForce GT 730' (P:1 D:1)
[2020.11.07-23.37.11:245][  0]LogWindows:    1. 'NVIDIA GeForce GT 730' (P:0 D:0)
[2020.11.07-23.37.11:245][  0]LogWindows: DebugString: FoundDriverCount:2 
[2020.11.07-23.37.11:245][  0]LogD3D11RHI:     Adapter Name: NVIDIA GeForce GT 730
[2020.11.07-23.37.11:245][  0]LogD3D11RHI:   Driver Version: 391.35 (internal:23.21.13.9135, unified:391.35)
[2020.11.07-23.37.11:245][  0]LogD3D11RHI:      Driver Date: 3-23-2018
[2020.11.07-23.37.11:245][  0]LogRHI: Texture pool is 1392 MB (70% of 1989 MB)
[2020.11.07-23.37.11:337][  0]LogD3D11RHI: Display: Timestamp queries are currently disabled on this hardware due to instability. Realtime GPU stats will not be available. You can override this behaviour by setting r.NVIDIATimestampWorkaround to 0
[2020.11.07-23.37.11:338][  0]LogD3D11RHI: RHI does not have support for 64 bit atomics
[2020.11.07-23.37.11:348][  0]LogD3D11RHI: [Aftermath] Enabled and primed
[2020.11.07-23.37.11:356][  0]LogD3D11RHI: Async texture creation enabled
[2020.11.07-23.37.11:701][  0]LogD3D11RHI: GPU Timing Frequency: 1000.000000 (Debug: 2 2)
[2020.11.07-23.37.12:877][  0]LogTargetPlatformManager: Display: Loaded TargetPlatform 'AllDesktop'
[2020.11.07-23.37.12:914][  0]LogTargetPlatformManager: Display: Loaded TargetPlatform 'Android'
[2020.11.07-23.37.12:914][  0]LogTargetPlatformManager: Display: Loaded TargetPlatform 'Android_ASTC'
[2020.11.07-23.37.12:915][  0]LogTargetPlatformManager: Display: Loaded TargetPlatform 'Android_DXT'
[2020.11.07-23.37.12:915][  0]LogTargetPlatformManager: Display: Loaded TargetPlatform 'Android_ETC2'
[2020.11.07-23.37.12:915][  0]LogTargetPlatformManager: Display: Loaded TargetPlatform 'AndroidClient'
[2020.11.07-23.37.12:915][  0]LogTargetPlatformManager: Display: Loaded TargetPlatform 'Android_ASTCClient'
[2020.11.07-23.37.12:915][  0]LogTargetPlatformManager: Display: Loaded TargetPlatform 'Android_DXTClient'
[2020.11.07-23.37.12:915][  0]LogTargetPlatformManager: Display: Loaded TargetPlatform 'Android_ETC2Client'
[2020.11.07-23.37.12:915][  0]LogTargetPlatformManager: Display: Loaded TargetPlatform 'Android_Multi'
[2020.11.07-23.37.12:915][  0]LogTargetPlatformManager: Display: Loaded TargetPlatform 'Android_MultiClient'
[2020.11.07-23.37.13:041][  0]LogTargetPlatformManager: Display: Loaded TargetPlatform 'IOSClient'
[2020.11.07-23.37.13:041][  0]LogTargetPlatformManager: Display: Loaded TargetPlatform 'IOS'
[2020.11.07-23.37.13:074][  0]LogTargetPlatformManager: Display: Loaded TargetPlatform 'Linux'
[2020.11.07-23.37.13:093][  0]LogTargetPlatformManager: Display: Loaded TargetPlatform 'LinuxNoEditor'
[2020.11.07-23.37.13:118][  0]LogTargetPlatformManager: Display: Loaded TargetPlatform 'LinuxClient'
[2020.11.07-23.37.13:133][  0]LogTargetPlatformManager: Display: Loaded TargetPlatform 'LinuxServer'
[2020.11.07-23.37.13:160][  0]LogTargetPlatformManager: Display: Loaded TargetPlatform 'LinuxAArch64NoEditor'
[2020.11.07-23.37.13:181][  0]LogTargetPlatformManager: Display: Loaded TargetPlatform 'LinuxAArch64Client'
[2020.11.07-23.37.13:199][  0]LogTargetPlatformManager: Display: Loaded TargetPlatform 'LinuxAArch64Server'
[2020.11.07-23.37.13:300][  0]LogTargetPlatformManager: Display: Loaded TargetPlatform 'Lumin'
[2020.11.07-23.37.13:300][  0]LogTargetPlatformManager: Display: Loaded TargetPlatform 'LuminClient'
[2020.11.07-23.37.13:322][  0]LogTargetPlatformManager: Display: Loaded TargetPlatform 'TVOSClient'
[2020.11.07-23.37.13:322][  0]LogTargetPlatformManager: Display: Loaded TargetPlatform 'TVOS'
[2020.11.07-23.37.13:362][  0]LogTargetPlatformManager: Display: Loaded TargetPlatform 'WindowsNoEditor'
[2020.11.07-23.37.13:388][  0]LogTargetPlatformManager: Display: Loaded TargetPlatform 'Windows'
[2020.11.07-23.37.13:407][  0]LogTargetPlatformManager: Display: Loaded TargetPlatform 'WindowsClient'
[2020.11.07-23.37.13:435][  0]LogTargetPlatformManager: Display: Loaded TargetPlatform 'WindowsServer'
[2020.11.07-23.37.13:435][  0]LogTargetPlatformManager: Display: Building Assets For Windows
[2020.11.07-23.37.13:713][  0]LogAudioDebug: Display: Lib vorbis DLL was dynamically loaded.
[2020.11.07-23.37.14:471][  0]LogShaderCompilers: Guid format shader working directory is 9 characters bigger than the processId version (../../../../Unreal Project/CreateLogo/Intermediate/Shaders/WorkingDirectory/5112/).
[2020.11.07-23.37.14:471][  0]LogShaderCompilers: Cleaned the shader compiler working directory 'C:/Users/xwink/AppData/Local/Temp/UnrealShaderWorkingDir/A3FACDCD40C0955C2B0B57AA6788E34F/'.
[2020.11.07-23.37.14:566][  0]LogXGEController: Cleaning working directory: C:/Users/xwink/AppData/Local/Temp/UnrealXGEWorkingDir/
[2020.11.07-23.37.14:567][  0]LogShaderCompilers: Display: Using XGE Shader Compiler (Interception Interface).
[2020.11.07-23.37.18:430][  0]LogDerivedDataCache: Display: Max Cache Size: 512 MB
[2020.11.07-23.37.18:780][  0]LogDerivedDataCache: Loaded boot cache 0.35s 75MB C:/Users/xwink/AppData/Local/UnrealEngine/4.25/DerivedDataCache/Boot.ddc.
[2020.11.07-23.37.18:780][  0]LogDerivedDataCache: Display: Loaded Boot cache: C:/Users/xwink/AppData/Local/UnrealEngine/4.25/DerivedDataCache/Boot.ddc
[2020.11.07-23.37.18:780][  0]LogDerivedDataCache: FDerivedDataBackendGraph:  Pak pak cache file ../../../../Unreal Project/CreateLogo/DerivedDataCache/DDC.ddp not found, will not use a pak cache.
[2020.11.07-23.37.18:780][  0]LogDerivedDataCache: Unable to find inner node Pak for hierarchical cache Hierarchy.
[2020.11.07-23.37.18:780][  0]LogDerivedDataCache: FDerivedDataBackendGraph:  CompressedPak pak cache file ../../../../Unreal Project/CreateLogo/DerivedDataCache/Compressed.ddp not found, will not use a pak cache.
[2020.11.07-23.37.18:780][  0]LogDerivedDataCache: Unable to find inner node CompressedPak for hierarchical cache Hierarchy.
[2020.11.07-23.37.18:835][  0]LogDerivedDataCache: Display: Pak cache opened for reading ../../../Engine/DerivedDataCache/Compressed.ddp.
[2020.11.07-23.37.18:835][  0]LogDerivedDataCache: FDerivedDataBackendGraph:  EnterprisePak pak cache file ../../../Enterprise/DerivedDataCache/Compressed.ddp not found, will not use a pak cache.
[2020.11.07-23.37.18:836][  0]LogDerivedDataCache: Unable to find inner node EnterprisePak for hierarchical cache Hierarchy.
[2020.11.07-23.37.18:837][  0]LogDerivedDataCache: Using Local data cache path C:/Users/xwink/AppData/Local/UnrealEngine/Common/DerivedDataCache: Writable
[2020.11.07-23.37.18:837][  0]LogDerivedDataCache: Shared data cache path not found in *engine.ini, will not use an Shared cache.
[2020.11.07-23.37.18:837][  0]LogDerivedDataCache: Unable to find inner node Shared for hierarchical cache Hierarchy.
[2020.11.07-23.37.19:052][  0]LogSlate: Using FreeType 2.10.0
[2020.11.07-23.37.19:195][  0]LogSlate: SlateFontServices - WITH_FREETYPE: 1, WITH_HARFBUZZ: 1
[2020.11.07-23.37.19:892][  0]LogAssetRegistry: FAssetRegistry took 0.0103 seconds to start up
[2020.11.07-23.37.25:663][  0]LogInit: Selected Device Profile: [Windows]
[2020.11.07-23.37.27:881][  0]LogMeshReduction: Using QuadricMeshReduction for automatic static mesh reduction
[2020.11.07-23.37.27:881][  0]LogMeshReduction: Using SimplygonMeshReduction for automatic skeletal mesh reduction
[2020.11.07-23.37.27:881][  0]LogMeshReduction: Using ProxyLODMeshReduction for automatic mesh merging
[2020.11.07-23.37.27:881][  0]LogMeshReduction: No distributed automatic mesh merging module available
[2020.11.07-23.37.27:902][  0]LogMeshMerging: No distributed automatic mesh merging module available
[2020.11.07-23.37.28:531][  0]LogNetVersion: CreateLogo 1.0.0, NetCL: 13144385, EngineNetVer: 14, GameNetVer: 0 (Checksum: 3295459812)
[2020.11.07-23.37.39:482][  0]LogAISub: UAISubsystem::UAISubsystem AISubsystem (000002328863EA00), frame # 0
[2020.11.07-23.37.39:482][  0]LogAISub: UAISubsystem::UAISubsystem AIPerceptionSystem (00000232884FE840), frame # 0
[2020.11.07-23.37.39:569][  0]LogAISub: UAISubsystem::UAISubsystem EnvQueryManager (000002328854DC00), frame # 0
[2020.11.07-23.37.40:047][  0]LogPackageLocalizationCache: Processed 19 localized package path(s) for 1 prioritized culture(s) in 0.128869 seconds
[2020.11.07-23.37.40:071][  0]LogUObjectArray: 15917 objects as part of root set at end of initial load.
[2020.11.07-23.37.40:072][  0]LogUObjectAllocator: 3965568 out of 0 bytes used by permanent object pool.
[2020.11.07-23.37.40:072][  0]LogUObjectArray: CloseDisregardForGC: 0/0 objects in disregard for GC pool
[2020.11.07-23.37.45:480][  0]LogTcpMessaging: Initializing TcpMessaging bridge
[2020.11.07-23.37.45:509][  0]LogUdpMessaging: Initializing bridge on interface 0.0.0.0:0 to multicast group 230.0.0.1:6666.
[2020.11.07-23.37.45:986][  0]LogLinker: Warning: Failed to load '/Game/InventorySystem/InventoryTutorial': Can't find file.
[2020.11.07-23.37.45:996][  0]LogLinker: Warning: Failed to load '/Game/InventorySystem/InventoryTutorial': Can't find file.
[2020.11.07-23.37.45:996][  0]LogUObjectGlobals: Warning: Failed to find object 'Class /Game/InventorySystem/InventoryTutorial.InventoryTutorial_C'
[2020.11.07-23.37.46:356][  0]SourceControl: Source control is disabled
[2020.11.07-23.37.46:371][  0]SourceControl: Source control is disabled
[2020.11.07-23.37.46:516][  0]SourceControl: Source control is disabled
[2020.11.07-23.37.46:532][  0]SourceControl: Source control is disabled
[2020.11.07-23.37.46:560][  0]SourceControl: Source control is disabled
[2020.11.07-23.37.49:220][  0]LogAndroidPermission: UAndroidPermissionCallbackProxy::GetInstance
[2020.11.07-23.37.49:362][  0]LogAudioCaptureCore: Display: No Audio Capture implementations found. Audio input will be silent.
[2020.11.07-23.37.49:362][  0]LogAudioCaptureCore: Display: No Audio Capture implementations found. Audio input will be silent.
[2020.11.07-23.37.49:810][  0]LogOcInput: OculusInput pre-init called
[2020.11.07-23.37.49:891][  0]LogWindows: Failed to load 'OVRPlugin.dll' (GetLastError=126)
[2020.11.07-23.37.49:891][  0]LogWindows: File 'OVRPlugin.dll' does not exist
[2020.11.07-23.37.50:989][  0]LogEngine: Initializing Engine...
[2020.11.07-23.37.51:011][  0]LogHMD: Failed to initialize OpenVR with code 110
[2020.11.07-23.37.51:012][  0]LogMagicLeap: Warning: VR disabled because ZI is not enabled.  To enable, in the editor, Edit -> Project Settings -> Plugins -> Magic Leap Plugin -> Enable Zero Iteration
[2020.11.07-23.37.51:066][  0]LogStats: UGameplayTagsManager::InitializeManager -  0.018 s
[2020.11.07-23.37.51:565][  0]LogInit: Initializing FReadOnlyCVARCache
[2020.11.07-23.37.52:146][  0]LogAIModule: Creating AISystem for world Untitled
[2020.11.07-23.37.52:146][  0]LogAISub: UAISubsystem::UAISubsystem EnvQueryManager (000002328C1EFC00), frame # 0
[2020.11.07-23.37.52:155][  0]LogAISub: UAISubsystem::UAISubsystem AIPerceptionSystem (000002328C232E80), frame # 0
[2020.11.07-23.37.52:308][  0]LogAudioMixer: Display: Audio Mixer Platform Settings:
[2020.11.07-23.37.52:308][  0]LogAudioMixer: Display: 	Sample Rate:						  48000
[2020.11.07-23.37.52:308][  0]LogAudioMixer: Display: 	Callback Buffer Frame Size Requested: 1024
[2020.11.07-23.37.52:308][  0]LogAudioMixer: Display: 	Callback Buffer Frame Size To Use:	  1024
[2020.11.07-23.37.52:308][  0]LogAudioMixer: Display: 	Number of buffers to queue:			  2
[2020.11.07-23.37.52:308][  0]LogAudioMixer: Display: 	Max Channels (voices):				  32
[2020.11.07-23.37.52:308][  0]LogAudioMixer: Display: 	Number of Async Source Workers:		  0
[2020.11.07-23.37.52:312][  0]LogAudio: Display: AudioDevice MaxSources: 32
[2020.11.07-23.37.52:382][  0]LogAudio: Display: Using built-in audio occlusion.
[2020.11.07-23.37.52:382][  0]LogAudioMixer: Display: Initializing audio mixer.
[2020.11.07-23.37.52:431][  0]LogAudioMixer: Display: 0: FrontLeft
[2020.11.07-23.37.52:431][  0]LogAudioMixer: Display: 1: FrontRight
[2020.11.07-23.37.52:478][  0]LogAudioMixer: Display: Using Audio Device Speakers (High Definition Audio Device)
[2020.11.07-23.37.52:512][  0]LogAudioMixer: Display: Initializing Sound Submixes...
[2020.11.07-23.37.52:614][  0]LogAudioMixer: Display: Creating Master Submix 'MasterSubmixDefault'
[2020.11.07-23.37.52:614][  0]LogAudioMixer: Display: Creating Master Submix 'MasterReverbSubmixDefault'
[2020.11.07-23.37.52:616][  0]LogAudioMixer: Display: Creating Master Submix 'MasterEQSubmixDefault'
[2020.11.07-23.37.52:617][  0]LogInit: FAudioDevice initialized.
[2020.11.07-23.37.52:643][  0]LogNetVersion: Set ProjectVersion to 1.0.0.0. Version Checksum will be recalculated on next use.
[2020.11.07-23.37.52:760][  0]LogDerivedDataCache: Saved boot cache 0.12s 75MB C:/Users/xwink/AppData/Local/UnrealEngine/4.25/DerivedDataCache/Boot.ddc.
[2020.11.07-23.37.52:771][  0]LogInit: Texture streaming: Enabled
[2020.11.07-23.37.52:969][  0]LogEngineSessionManager: EngineSessionManager initialized
[2020.11.07-23.37.52:969][  0]LogEditorSessionSummary: Verbose: Initializing EditorSessionSummaryWriter for editor session tracking
[2020.11.07-23.37.52:991][  0]LogEditorSessionSummary: EditorSessionSummaryWriter initialized
[2020.11.07-23.37.53:329][  0]LogInit: Transaction tracking system initialized
[2020.11.07-23.37.53:690][  0]BlueprintLog: New page: Editor Load
[2020.11.07-23.37.55:086][  0]LocalizationService: Localization service is disabled
[2020.11.07-23.37.57:914][  0]LogFileCache: Scanning file cache for directory 'D:/Epic Games/Unreal Engine 4/Unreal Project/CreateLogo/Content/' took 0.02s
[2020.11.07-23.37.57:914][  0]LogCook: Display: Max memory allowance for cook 16384mb min free memory 0mb
[2020.11.07-23.37.57:914][  0]LogCook: Display: Mobile HDR setting 1
[2020.11.07-23.38.05:052][  0]SourceControl: Source control is disabled
[2020.11.07-23.38.05:067][  0]LogUnrealEdMisc: Loading editor; pre map load, took 91.630
[2020.11.07-23.38.05:088][  0]Cmd: MAP LOAD FILE="../../../../Unreal Project/CreateLogo/Content/ThirdPersonBP/Maps/ThirdPersonExampleMap.umap" TEMPLATE=0 SHOWPROGRESS=1 FEATURELEVEL=3
[2020.11.07-23.38.05:129][  0]LightingResults: New page: Lighting Build
[2020.11.07-23.38.05:271][  0]LogWorld: UWorld::CleanupWorld for Untitled, bSessionEnded=true, bCleanupResources=true
[2020.11.07-23.38.05:289][  0]LogSlate: InvalidateAllWidgets triggered.  All widgets were invalidated
[2020.11.07-23.38.05:301][  0]MapCheck: New page: Map Check
[2020.11.07-23.38.05:301][  0]LightingResults: New page: Lighting Build
[2020.11.07-23.38.05:601][  0]LogAISub: UAISubsystem::~UAISubsystem EnvQueryManager (000002328C1EFC00), frame # 0
[2020.11.07-23.38.05:601][  0]LogAISub: UAISubsystem::~UAISubsystem AIPerceptionSystem (000002328C232E80), frame # 0
[2020.11.07-23.38.05:602][  0]LogUObjectHash: Compacting FUObjectHashTables data took   1.00ms
[2020.11.07-23.38.07:615][  0]LogAIModule: Creating AISystem for world ThirdPersonExampleMap
[2020.11.07-23.38.07:615][  0]LogAISub: UAISubsystem::UAISubsystem EnvQueryManager (0000023299383E00), frame # 0
[2020.11.07-23.38.07:615][  0]LogAISub: UAISubsystem::UAISubsystem AIPerceptionSystem (0000023299426980), frame # 0
[2020.11.07-23.38.08:019][  0]LogEditorServer: Finished looking for orphan Actors (0.000 secs)
[2020.11.07-23.38.08:096][  0]LogUObjectHash: Compacting FUObjectHashTables data took   0.97ms
[2020.11.07-23.38.08:109][  0]Cmd: MAP CHECKDEP NOCLEARLOG
[2020.11.07-23.38.08:117][  0]MapCheck: Map check complete: 0 Error(s), 0 Warning(s), took 7.503ms to complete.
[2020.11.07-23.38.08:117][  0]LogFileHelpers: Loading map 'ThirdPersonExampleMap' took 3.030
[2020.11.07-23.38.09:026][  0]LogUnrealEdMisc: Total Editor Startup Time, took 95.588
[2020.11.07-23.38.09:695][  0]LogSlate: Updating window title bar state: overlay mode, drag disabled, window buttons hidden, title bar hidden
[2020.11.07-23.38.09:707][  0]LogSlate: Updating window title bar state: overlay mode, drag disabled, window buttons hidden, title bar hidden
[2020.11.07-23.38.09:717][  0]LogSlate: Updating window title bar state: overlay mode, drag disabled, window buttons hidden, title bar hidden
[2020.11.07-23.38.09:727][  0]LogSlate: Updating window title bar state: overlay mode, drag disabled, window buttons hidden, title bar hidden
[2020.11.07-23.38.09:887][  0]LogCollectionManager: Loaded 0 collections in 0.001075 seconds
[2020.11.07-23.38.10:089][  0]LogFileCache: Scanning file cache for directory 'D:/Epic Games/Unreal Engine 4/Unreal Project/CreateLogo/Saved/Collections/' took 0.00s
[2020.11.07-23.38.10:089][  0]LogFileCache: Scanning file cache for directory 'D:/Epic Games/Unreal Engine 4/Unreal Project/CreateLogo/Content/Developers/xwink/Collections/' took 0.00s
[2020.11.07-23.38.10:089][  0]LogFileCache: Scanning file cache for directory 'D:/Epic Games/Unreal Engine 4/Unreal Project/CreateLogo/Content/Collections/' took 0.00s
[2020.11.07-23.38.10:089][  0]LogContentBrowser: Native class hierarchy populated in 0.0166 seconds. Added 3431 classes and 824 folders.
[2020.11.07-23.38.10:154][  0]LogContentBrowser: Native class hierarchy updated for 'WidgetCarousel' in 0.0003 seconds. Added 0 classes and 0 folders.
[2020.11.07-23.38.10:961][  0]LogContentBrowser: Native class hierarchy updated for 'AddContentDialog' in 0.0003 seconds. Added 0 classes and 0 folders.
[2020.11.07-23.38.11:076][  0]LogContentBrowser: Native class hierarchy updated for 'SceneOutliner' in 0.0004 seconds. Added 2 classes and 0 folders.
[2020.11.07-23.38.12:158][  0]LogSlate: Took 0.018637 seconds to synchronously load lazily loaded font '../../../Engine/Content/Slate/Fonts/Roboto-Regular.ttf' (155K)
[2020.11.07-23.38.12:230][  0]LogSlate: Took 0.033175 seconds to synchronously load lazily loaded font '../../../Engine/Content/Slate/Fonts/Roboto-Bold.ttf' (160K)
[2020.11.07-23.38.12:981][  0]LogRenderer: Reallocating scene render targets to support 940x384 Format 10 NumSamples 1 (Frame:1).
[2020.11.07-23.38.13:564][  0]LogContentBrowser: Native class hierarchy updated for 'HierarchicalLODOutliner' in 0.0003 seconds. Added 0 classes and 0 folders.
[2020.11.07-23.38.13:564][  0]LogLoad: (Engine Initialization) Total time: 100.13 seconds
[2020.11.07-23.38.13:564][  0]LogLoad: (Engine Initialization) Total Blueprint compile time: 0.00 seconds
[2020.11.07-23.38.13:904][  0]LogContentStreaming: Texture pool size now 1000 MB
[2020.11.07-23.38.14:080][  2]LogAssetRegistry: Asset discovery search completed in 54.1919 seconds
[2020.11.07-23.38.14:086][  2]LogCollectionManager: Fixed up redirectors for 0 collections in 0.000003 seconds (updated 0 objects)
[2020.11.07-23.38.15:084][  5]LogSlate: Took 0.015570 seconds to synchronously load lazily loaded font '../../../Engine/Content/Slate/Fonts/Roboto-Light.ttf' (167K)
[2020.11.07-23.38.43:119][148]LogSlate: Took 0.012603 seconds to synchronously load lazily loaded font '../../../Engine/Content/Editor/Slate/Fonts/FontAwesome.ttf' (139K)
[2020.11.07-23.38.43:261][148]LogSlate: Took 0.000196 seconds to synchronously load lazily loaded font '../../../Engine/Content/Slate/Fonts/Roboto-Light.ttf' (167K)
[2020.11.07-23.38.52:329][509]LogUObjectHash: Compacting FUObjectHashTables data took   0.97ms
[2020.11.07-23.48.13:797][761]LogUObjectHash: Compacting FUObjectHashTables data took   1.10ms
[2020.11.07-23.48.13:799][761]LogFileHelpers: Editor autosave (incl. sublevels) for '/Game/ThirdPersonBP/Maps/ThirdPersonExampleMap' took 0.016
[2020.11.07-23.48.13:800][761]OBJ SavePackage: Generating thumbnails for [0] asset(s) in package [/Game/LogoNiagara/XLogo] ([1] browsable assets)...
[2020.11.07-23.48.13:800][761]OBJ SavePackage: Finished generating thumbnails for package [/Game/LogoNiagara/XLogo]
[2020.11.07-23.48.13:800][761]Cmd: OBJ SAVEPACKAGE PACKAGE="/Game/LogoNiagara/XLogo" FILE="../../../../Unreal Project/CreateLogo/Saved/Autosaves/Game/LogoNiagara/XLogo_Auto1.uasset" SILENT=false AUTOSAVING=true
[2020.11.07-23.48.14:004][761]LogSavePackage: Moving '../../../../Unreal Project/CreateLogo/Saved/XLogo_Auto158E4E7F34728A273B6BE77853F55F0A3.tmp' to '../../../../Unreal Project/CreateLogo/Saved/Autosaves/Game/LogoNiagara/XLogo_Auto1.uasset'
[2020.11.07-23.48.14:015][761]LogFileHelpers: Auto-saving content packages took 0.215
[2020.11.07-23.53.26:477][712]LogUObjectHash: Compacting FUObjectHashTables data took   0.42ms
[2020.11.07-23.53.28:493][712]LogSlate: Window 'Save Content' being destroyed
[2020.11.07-23.53.28:525][712]Cmd: OBJ SAVEPACKAGE PACKAGE="/Game/LogoNiagara/XLogo" FILE="../../../../Unreal Project/CreateLogo/Content/LogoNiagara/XLogo.uasset" SILENT=true
[2020.11.07-23.53.28:554][712]LogSavePackage: Moving '../../../../Unreal Project/CreateLogo/Saved/XLogoC8E0452549E1A1B7709564B83AC6A11D.tmp' to '../../../../Unreal Project/CreateLogo/Content/LogoNiagara/XLogo.uasset'
[2020.11.07-23.53.28:701][712]LogSlate: Window 'CreateLogo - Unreal Editor' being destroyed
[2020.11.07-23.53.29:007][712]AssetCheck: New page: Asset Save: XLogo
[2020.11.07-23.53.29:008][712]LogContentValidation: Display: Validating LevelSequence /Game/LogoNiagara/XLogo.XLogo
[2020.11.07-23.53.29:013][713]Cmd: QUIT_EDITOR
[2020.11.07-23.53.29:013][713]LogCore: Engine exit requested (reason: UUnrealEdEngine::CloseEditor())
[2020.11.07-23.53.29:029][713]LogCore: Engine exit requested (reason: EngineExit() was called; note: exit was already requested)
[2020.11.07-23.53.29:120][713]LogWindowsTextInputMethodSystem: Display: IME system now deactivated.
[2020.11.07-23.53.29:145][713]LogExit: Preparing to exit.
[2020.11.07-23.53.30:256][713]LogWorld: UWorld::CleanupWorld for World_0, bSessionEnded=true, bCleanupResources=true
[2020.11.07-23.53.30:256][713]LogWorld: UWorld::CleanupWorld for World_1, bSessionEnded=true, bCleanupResources=true
[2020.11.07-23.53.30:320][713]LogDemo: Cleaned up 0 splitscreen connections with owner deletion
[2020.11.07-23.53.30:390][713]LogWorld: UWorld::CleanupWorld for None, bSessionEnded=true, bCleanupResources=true
[2020.11.07-23.53.30:390][713]LogExit: Editor shut down
[2020.11.07-23.53.30:391][713]LogExit: Transaction tracking system shut down
[2020.11.07-23.53.31:040][713]LogAISub: UAISubsystem::~UAISubsystem AISubsystem (000002328863EA00), frame # 5713
[2020.11.07-23.53.31:040][713]LogAISub: UAISubsystem::~UAISubsystem AIPerceptionSystem (00000232884FE840), frame # 5713
[2020.11.07-23.53.31:050][713]LogAISub: UAISubsystem::~UAISubsystem EnvQueryManager (000002328854DC00), frame # 5713
[2020.11.07-23.53.31:584][713]LogAISub: UAISubsystem::~UAISubsystem EnvQueryManager (0000023299383E00), frame # 5713
[2020.11.07-23.53.31:584][713]LogAISub: UAISubsystem::~UAISubsystem AIPerceptionSystem (0000023299426980), frame # 5713
[2020.11.07-23.53.31:625][713]LogExit: Object subsystem successfully closed.
[2020.11.07-23.53.31:673][713]LogShaderCompilers: Display: Shaders left to compile 0
